<?xml version="1.0" encoding="UTF-8"?>
<testsuite xmlns:xsi="http://www.w3.org/2001/XMLSchema-instance" xsi:noNamespaceSchemaLocation="https://maven.apache.org/surefire/maven-surefire-plugin/xsd/surefire-test-report.xsd" name="com.firenay.mall.member.MallMemberApplicationTests" time="11.174" tests="1" errors="0" skipped="0" failures="0">
  <properties>
    <property name="gopherProxySet" value="false"/>
    <property name="awt.toolkit" value="sun.lwawt.macosx.LWCToolkit"/>
    <property name="file.encoding.pkg" value="sun.io"/>
    <property name="java.specification.version" value="1.8"/>
    <property name="sun.cpu.isalist" value=""/>
    <property name="sun.jnu.encoding" value="UTF-8"/>
    <property name="java.class.path" value="/Users/rose/Desktop/谷粒/B站【谷粒商城】资料/mall-mall-v2/mall-member/target/test-classes:/Users/rose/Desktop/谷粒/B站【谷粒商城】资料/mall-mall-v2/mall-member/target/classes:/Users/rose/Users/work/maven/repository/org/springframework/boot/spring-boot-starter-actuator/2.1.0.RELEASE/spring-boot-starter-actuator-2.1.0.RELEASE.jar:/Users/rose/Users/work/maven/repository/org/springframework/boot/spring-boot-starter/2.2.5.RELEASE/spring-boot-starter-2.2.5.RELEASE.jar:/Users/rose/Users/work/maven/repository/org/springframework/boot/spring-boot/2.2.5.RELEASE/spring-boot-2.2.5.RELEASE.jar:/Users/rose/Users/work/maven/repository/org/springframework/boot/spring-boot-autoconfigure/2.2.5.RELEASE/spring-boot-autoconfigure-2.2.5.RELEASE.jar:/Users/rose/Users/work/maven/repository/org/springframework/boot/spring-boot-starter-logging/2.2.5.RELEASE/spring-boot-starter-logging-2.2.5.RELEASE.jar:/Users/rose/Users/work/maven/repository/ch/qos/logback/logback-classic/1.2.3/logback-classic-1.2.3.jar:/Users/rose/Users/work/maven/repository/ch/qos/logback/logback-core/1.2.3/logback-core-1.2.3.jar:/Users/rose/Users/work/maven/repository/org/apache/logging/log4j/log4j-to-slf4j/2.12.1/log4j-to-slf4j-2.12.1.jar:/Users/rose/Users/work/maven/repository/org/apache/logging/log4j/log4j-api/2.12.1/log4j-api-2.12.1.jar:/Users/rose/Users/work/maven/repository/org/slf4j/jul-to-slf4j/1.7.30/jul-to-slf4j-1.7.30.jar:/Users/rose/Users/work/maven/repository/jakarta/annotation/jakarta.annotation-api/1.3.5/jakarta.annotation-api-1.3.5.jar:/Users/rose/Users/work/maven/repository/org/yaml/snakeyaml/1.25/snakeyaml-1.25.jar:/Users/rose/Users/work/maven/repository/org/springframework/boot/spring-boot-actuator-autoconfigure/2.2.5.RELEASE/spring-boot-actuator-autoconfigure-2.2.5.RELEASE.jar:/Users/rose/Users/work/maven/repository/org/springframework/boot/spring-boot-actuator/2.2.5.RELEASE/spring-boot-actuator-2.2.5.RELEASE.jar:/Users/rose/Users/work/maven/repository/com/fasterxml/jackson/core/jackson-databind/2.10.2/jackson-databind-2.10.2.jar:/Users/rose/Users/work/maven/repository/com/fasterxml/jackson/core/jackson-annotations/2.10.2/jackson-annotations-2.10.2.jar:/Users/rose/Users/work/maven/repository/com/fasterxml/jackson/core/jackson-core/2.10.2/jackson-core-2.10.2.jar:/Users/rose/Users/work/maven/repository/org/springframework/spring-context/5.2.4.RELEASE/spring-context-5.2.4.RELEASE.jar:/Users/rose/Users/work/maven/repository/com/fasterxml/jackson/datatype/jackson-datatype-jsr310/2.10.2/jackson-datatype-jsr310-2.10.2.jar:/Users/rose/Users/work/maven/repository/io/micrometer/micrometer-core/1.3.5/micrometer-core-1.3.5.jar:/Users/rose/Users/work/maven/repository/org/hdrhistogram/HdrHistogram/2.1.11/HdrHistogram-2.1.11.jar:/Users/rose/Users/work/maven/repository/org/latencyutils/LatencyUtils/2.0.3/LatencyUtils-2.0.3.jar:/Users/rose/Users/work/maven/repository/org/springframework/session/spring-session-data-redis/2.2.1.RELEASE/spring-session-data-redis-2.2.1.RELEASE.jar:/Users/rose/Users/work/maven/repository/org/springframework/data/spring-data-redis/2.2.5.RELEASE/spring-data-redis-2.2.5.RELEASE.jar:/Users/rose/Users/work/maven/repository/org/springframework/data/spring-data-keyvalue/2.2.5.RELEASE/spring-data-keyvalue-2.2.5.RELEASE.jar:/Users/rose/Users/work/maven/repository/org/springframework/data/spring-data-commons/2.2.5.RELEASE/spring-data-commons-2.2.5.RELEASE.jar:/Users/rose/Users/work/maven/repository/org/springframework/spring-tx/5.2.4.RELEASE/spring-tx-5.2.4.RELEASE.jar:/Users/rose/Users/work/maven/repository/org/springframework/spring-oxm/5.2.4.RELEASE/spring-oxm-5.2.4.RELEASE.jar:/Users/rose/Users/work/maven/repository/org/springframework/spring-aop/5.2.4.RELEASE/spring-aop-5.2.4.RELEASE.jar:/Users/rose/Users/work/maven/repository/org/springframework/spring-context-support/5.2.4.RELEASE/spring-context-support-5.2.4.RELEASE.jar:/Users/rose/Users/work/maven/repository/org/slf4j/slf4j-api/1.7.30/slf4j-api-1.7.30.jar:/Users/rose/Users/work/maven/repository/org/springframework/session/spring-session-core/2.2.1.RELEASE/spring-session-core-2.2.1.RELEASE.jar:/Users/rose/Users/work/maven/repository/org/springframework/spring-jcl/5.2.4.RELEASE/spring-jcl-5.2.4.RELEASE.jar:/Users/rose/Users/work/maven/repository/org/springframework/boot/spring-boot-starter-data-redis/2.2.5.RELEASE/spring-boot-starter-data-redis-2.2.5.RELEASE.jar:/Users/rose/Users/work/maven/repository/io/lettuce/lettuce-core/5.2.2.RELEASE/lettuce-core-5.2.2.RELEASE.jar:/Users/rose/Users/work/maven/repository/io/netty/netty-common/4.1.45.Final/netty-common-4.1.45.Final.jar:/Users/rose/Users/work/maven/repository/io/netty/netty-handler/4.1.45.Final/netty-handler-4.1.45.Final.jar:/Users/rose/Users/work/maven/repository/io/netty/netty-buffer/4.1.45.Final/netty-buffer-4.1.45.Final.jar:/Users/rose/Users/work/maven/repository/io/netty/netty-codec/4.1.45.Final/netty-codec-4.1.45.Final.jar:/Users/rose/Users/work/maven/repository/io/netty/netty-transport/4.1.45.Final/netty-transport-4.1.45.Final.jar:/Users/rose/Users/work/maven/repository/io/netty/netty-resolver/4.1.45.Final/netty-resolver-4.1.45.Final.jar:/Users/rose/Users/work/maven/repository/io/projectreactor/reactor-core/3.3.3.RELEASE/reactor-core-3.3.3.RELEASE.jar:/Users/rose/Users/work/maven/repository/org/reactivestreams/reactive-streams/1.0.3/reactive-streams-1.0.3.jar:/Users/rose/Users/work/maven/repository/org/springframework/boot/spring-boot-starter-thymeleaf/2.2.5.RELEASE/spring-boot-starter-thymeleaf-2.2.5.RELEASE.jar:/Users/rose/Users/work/maven/repository/org/thymeleaf/thymeleaf-spring5/3.0.11.RELEASE/thymeleaf-spring5-3.0.11.RELEASE.jar:/Users/rose/Users/work/maven/repository/org/thymeleaf/thymeleaf/3.0.11.RELEASE/thymeleaf-3.0.11.RELEASE.jar:/Users/rose/Users/work/maven/repository/org/attoparser/attoparser/2.0.5.RELEASE/attoparser-2.0.5.RELEASE.jar:/Users/rose/Users/work/maven/repository/org/unbescape/unbescape/1.1.6.RELEASE/unbescape-1.1.6.RELEASE.jar:/Users/rose/Users/work/maven/repository/org/thymeleaf/extras/thymeleaf-extras-java8time/3.0.4.RELEASE/thymeleaf-extras-java8time-3.0.4.RELEASE.jar:/Users/rose/Users/work/maven/repository/com/firenay/leave/mall-common/1.0-SNAPSHOT/mall-common-1.0-SNAPSHOT.jar:/Users/rose/Users/work/maven/repository/com/alibaba/cloud/spring-cloud-starter-alibaba-sentinel/2.1.0.RELEASE/spring-cloud-starter-alibaba-sentinel-2.1.0.RELEASE.jar:/Users/rose/Users/work/maven/repository/com/alibaba/cloud/spring-cloud-alibaba-sentinel/2.1.0.RELEASE/spring-cloud-alibaba-sentinel-2.1.0.RELEASE.jar:/Users/rose/Users/work/maven/repository/com/alibaba/csp/sentinel-transport-simple-http/1.6.3/sentinel-transport-simple-http-1.6.3.jar:/Users/rose/Users/work/maven/repository/com/alibaba/csp/sentinel-transport-common/1.6.3/sentinel-transport-common-1.6.3.jar:/Users/rose/Users/work/maven/repository/com/alibaba/csp/sentinel-datasource-extension/1.6.3/sentinel-datasource-extension-1.6.3.jar:/Users/rose/Users/work/maven/repository/com/alibaba/fastjson/1.2.56/fastjson-1.2.56.jar:/Users/rose/Users/work/maven/repository/com/alibaba/csp/sentinel-annotation-aspectj/1.6.3/sentinel-annotation-aspectj-1.6.3.jar:/Users/rose/Users/work/maven/repository/com/alibaba/csp/sentinel-core/1.6.3/sentinel-core-1.6.3.jar:/Users/rose/Users/work/maven/repository/org/aspectj/aspectjrt/1.9.5/aspectjrt-1.9.5.jar:/Users/rose/Users/work/maven/repository/com/alibaba/csp/sentinel-web-servlet/1.6.3/sentinel-web-servlet-1.6.3.jar:/Users/rose/Users/work/maven/repository/com/alibaba/csp/sentinel-spring-webflux-adapter/1.6.3/sentinel-spring-webflux-adapter-1.6.3.jar:/Users/rose/Users/work/maven/repository/com/alibaba/csp/sentinel-reactor-adapter/1.6.3/sentinel-reactor-adapter-1.6.3.jar:/Users/rose/Users/work/maven/repository/com/alibaba/csp/sentinel-parameter-flow-control/1.6.3/sentinel-parameter-flow-control-1.6.3.jar:/Users/rose/Users/work/maven/repository/com/googlecode/concurrentlinkedhashmap/concurrentlinkedhashmap-lru/1.4.2/concurrentlinkedhashmap-lru-1.4.2.jar:/Users/rose/Users/work/maven/repository/com/alibaba/csp/sentinel-cluster-server-default/1.6.3/sentinel-cluster-server-default-1.6.3.jar:/Users/rose/Users/work/maven/repository/com/alibaba/csp/sentinel-cluster-common-default/1.6.3/sentinel-cluster-common-default-1.6.3.jar:/Users/rose/Users/work/maven/repository/com/alibaba/csp/sentinel-cluster-client-default/1.6.3/sentinel-cluster-client-default-1.6.3.jar:/Users/rose/Users/work/maven/repository/com/alibaba/cloud/spring-cloud-alibaba-sentinel-datasource/2.1.0.RELEASE/spring-cloud-alibaba-sentinel-datasource-2.1.0.RELEASE.jar:/Users/rose/Users/work/maven/repository/com/baomidou/mybatis-plus-boot-starter/3.3.2/mybatis-plus-boot-starter-3.3.2.jar:/Users/rose/Users/work/maven/repository/com/baomidou/mybatis-plus/3.3.2/mybatis-plus-3.3.2.jar:/Users/rose/Users/work/maven/repository/com/baomidou/mybatis-plus-extension/3.3.2/mybatis-plus-extension-3.3.2.jar:/Users/rose/Users/work/maven/repository/com/baomidou/mybatis-plus-core/3.3.2/mybatis-plus-core-3.3.2.jar:/Users/rose/Users/work/maven/repository/com/baomidou/mybatis-plus-annotation/3.3.2/mybatis-plus-annotation-3.3.2.jar:/Users/rose/Users/work/maven/repository/com/github/jsqlparser/jsqlparser/3.1/jsqlparser-3.1.jar:/Users/rose/Users/work/maven/repository/org/mybatis/mybatis/3.5.4/mybatis-3.5.4.jar:/Users/rose/Users/work/maven/repository/org/mybatis/mybatis-spring/2.0.4/mybatis-spring-2.0.4.jar:/Users/rose/Users/work/maven/repository/org/springframework/boot/spring-boot-starter-jdbc/2.2.5.RELEASE/spring-boot-starter-jdbc-2.2.5.RELEASE.jar:/Users/rose/Users/work/maven/repository/com/zaxxer/HikariCP/3.4.2/HikariCP-3.4.2.jar:/Users/rose/Users/work/maven/repository/org/springframework/spring-jdbc/5.2.4.RELEASE/spring-jdbc-5.2.4.RELEASE.jar:/Users/rose/Users/work/maven/repository/org/projectlombok/lombok/1.18.12/lombok-1.18.12.jar:/Users/rose/Users/work/maven/repository/org/apache/httpcomponents/httpcore/4.4.13/httpcore-4.4.13.jar:/Users/rose/Users/work/maven/repository/commons-lang/commons-lang/2.6/commons-lang-2.6.jar:/Users/rose/Users/work/maven/repository/mysql/mysql-connector-java/8.0.19/mysql-connector-java-8.0.19.jar:/Users/rose/Users/work/maven/repository/com/alibaba/cloud/spring-cloud-starter-alibaba-nacos-discovery/2.2.0.RELEASE/spring-cloud-starter-alibaba-nacos-discovery-2.2.0.RELEASE.jar:/Users/rose/Users/work/maven/repository/com/alibaba/cloud/spring-cloud-alibaba-nacos-discovery/2.2.0.RELEASE/spring-cloud-alibaba-nacos-discovery-2.2.0.RELEASE.jar:/Users/rose/Users/work/maven/repository/com/alibaba/nacos/nacos-client/1.1.4/nacos-client-1.1.4.jar:/Users/rose/Users/work/maven/repository/com/alibaba/nacos/nacos-common/1.1.4/nacos-common-1.1.4.jar:/Users/rose/Users/work/maven/repository/org/apache/commons/commons-lang3/3.9/commons-lang3-3.9.jar:/Users/rose/Users/work/maven/repository/com/alibaba/nacos/nacos-api/1.1.4/nacos-api-1.1.4.jar:/Users/rose/Users/work/maven/repository/commons-codec/commons-codec/1.13/commons-codec-1.13.jar:/Users/rose/Users/work/maven/repository/io/prometheus/simpleclient/0.5.0/simpleclient-0.5.0.jar:/Users/rose/Users/work/maven/repository/com/alibaba/spring/spring-context-support/1.0.5/spring-context-support-1.0.5.jar:/Users/rose/Users/work/maven/repository/org/springframework/cloud/spring-cloud-starter-netflix-ribbon/2.2.2.RELEASE/spring-cloud-starter-netflix-ribbon-2.2.2.RELEASE.jar:/Users/rose/Users/work/maven/repository/org/springframework/cloud/spring-cloud-starter-netflix-archaius/2.2.2.RELEASE/spring-cloud-starter-netflix-archaius-2.2.2.RELEASE.jar:/Users/rose/Users/work/maven/repository/com/netflix/ribbon/ribbon/2.3.0/ribbon-2.3.0.jar:/Users/rose/Users/work/maven/repository/com/netflix/ribbon/ribbon-transport/2.3.0/ribbon-transport-2.3.0.jar:/Users/rose/Users/work/maven/repository/io/reactivex/rxnetty-contexts/0.4.9/rxnetty-contexts-0.4.9.jar:/Users/rose/Users/work/maven/repository/io/reactivex/rxnetty-servo/0.4.9/rxnetty-servo-0.4.9.jar:/Users/rose/Users/work/maven/repository/javax/inject/javax.inject/1/javax.inject-1.jar:/Users/rose/Users/work/maven/repository/io/reactivex/rxnetty/0.4.9/rxnetty-0.4.9.jar:/Users/rose/Users/work/maven/repository/com/netflix/ribbon/ribbon-core/2.3.0/ribbon-core-2.3.0.jar:/Users/rose/Users/work/maven/repository/com/netflix/ribbon/ribbon-httpclient/2.3.0/ribbon-httpclient-2.3.0.jar:/Users/rose/Users/work/maven/repository/commons-collections/commons-collections/3.2.2/commons-collections-3.2.2.jar:/Users/rose/Users/work/maven/repository/org/apache/httpcomponents/httpclient/4.5.11/httpclient-4.5.11.jar:/Users/rose/Users/work/maven/repository/com/sun/jersey/jersey-client/1.19.1/jersey-client-1.19.1.jar:/Users/rose/Users/work/maven/repository/com/sun/jersey/jersey-core/1.19.1/jersey-core-1.19.1.jar:/Users/rose/Users/work/maven/repository/javax/ws/rs/jsr311-api/1.1.1/jsr311-api-1.1.1.jar:/Users/rose/Users/work/maven/repository/com/sun/jersey/contribs/jersey-apache-client4/1.19.1/jersey-apache-client4-1.19.1.jar:/Users/rose/Users/work/maven/repository/com/netflix/servo/servo-core/0.12.21/servo-core-0.12.21.jar:/Users/rose/Users/work/maven/repository/com/netflix/netflix-commons/netflix-commons-util/0.3.0/netflix-commons-util-0.3.0.jar:/Users/rose/Users/work/maven/repository/com/netflix/ribbon/ribbon-loadbalancer/2.3.0/ribbon-loadbalancer-2.3.0.jar:/Users/rose/Users/work/maven/repository/com/netflix/netflix-commons/netflix-statistics/0.1.1/netflix-statistics-0.1.1.jar:/Users/rose/Users/work/maven/repository/com/alibaba/cloud/spring-cloud-starter-alibaba-nacos-config/2.2.0.RELEASE/spring-cloud-starter-alibaba-nacos-config-2.2.0.RELEASE.jar:/Users/rose/Users/work/maven/repository/com/alibaba/cloud/spring-cloud-alibaba-nacos-config/2.2.0.RELEASE/spring-cloud-alibaba-nacos-config-2.2.0.RELEASE.jar:/Users/rose/Users/work/maven/repository/javax/validation/validation-api/2.0.1.Final/validation-api-2.0.1.Final.jar:/Users/rose/Users/work/maven/repository/org/springframework/boot/spring-boot-starter-web/2.2.5.RELEASE/spring-boot-starter-web-2.2.5.RELEASE.jar:/Users/rose/Users/work/maven/repository/org/springframework/boot/spring-boot-starter-json/2.2.5.RELEASE/spring-boot-starter-json-2.2.5.RELEASE.jar:/Users/rose/Users/work/maven/repository/com/fasterxml/jackson/datatype/jackson-datatype-jdk8/2.10.2/jackson-datatype-jdk8-2.10.2.jar:/Users/rose/Users/work/maven/repository/com/fasterxml/jackson/module/jackson-module-parameter-names/2.10.2/jackson-module-parameter-names-2.10.2.jar:/Users/rose/Users/work/maven/repository/org/springframework/boot/spring-boot-starter-tomcat/2.2.5.RELEASE/spring-boot-starter-tomcat-2.2.5.RELEASE.jar:/Users/rose/Users/work/maven/repository/org/apache/tomcat/embed/tomcat-embed-core/9.0.31/tomcat-embed-core-9.0.31.jar:/Users/rose/Users/work/maven/repository/org/apache/tomcat/embed/tomcat-embed-el/9.0.31/tomcat-embed-el-9.0.31.jar:/Users/rose/Users/work/maven/repository/org/apache/tomcat/embed/tomcat-embed-websocket/9.0.31/tomcat-embed-websocket-9.0.31.jar:/Users/rose/Users/work/maven/repository/org/springframework/boot/spring-boot-starter-validation/2.2.5.RELEASE/spring-boot-starter-validation-2.2.5.RELEASE.jar:/Users/rose/Users/work/maven/repository/jakarta/validation/jakarta.validation-api/2.0.2/jakarta.validation-api-2.0.2.jar:/Users/rose/Users/work/maven/repository/org/hibernate/validator/hibernate-validator/6.0.18.Final/hibernate-validator-6.0.18.Final.jar:/Users/rose/Users/work/maven/repository/org/jboss/logging/jboss-logging/3.4.1.Final/jboss-logging-3.4.1.Final.jar:/Users/rose/Users/work/maven/repository/com/fasterxml/classmate/1.5.1/classmate-1.5.1.jar:/Users/rose/Users/work/maven/repository/org/springframework/spring-web/5.2.4.RELEASE/spring-web-5.2.4.RELEASE.jar:/Users/rose/Users/work/maven/repository/org/springframework/spring-beans/5.2.4.RELEASE/spring-beans-5.2.4.RELEASE.jar:/Users/rose/Users/work/maven/repository/org/springframework/spring-webmvc/5.2.4.RELEASE/spring-webmvc-5.2.4.RELEASE.jar:/Users/rose/Users/work/maven/repository/org/springframework/spring-expression/5.2.4.RELEASE/spring-expression-5.2.4.RELEASE.jar:/Users/rose/Users/work/maven/repository/org/springframework/boot/spring-boot-starter-test/2.2.5.RELEASE/spring-boot-starter-test-2.2.5.RELEASE.jar:/Users/rose/Users/work/maven/repository/org/springframework/boot/spring-boot-test/2.2.5.RELEASE/spring-boot-test-2.2.5.RELEASE.jar:/Users/rose/Users/work/maven/repository/org/springframework/boot/spring-boot-test-autoconfigure/2.2.5.RELEASE/spring-boot-test-autoconfigure-2.2.5.RELEASE.jar:/Users/rose/Users/work/maven/repository/com/jayway/jsonpath/json-path/2.4.0/json-path-2.4.0.jar:/Users/rose/Users/work/maven/repository/net/minidev/json-smart/2.3/json-smart-2.3.jar:/Users/rose/Users/work/maven/repository/net/minidev/accessors-smart/1.2/accessors-smart-1.2.jar:/Users/rose/Users/work/maven/repository/org/ow2/asm/asm/5.0.4/asm-5.0.4.jar:/Users/rose/Users/work/maven/repository/jakarta/xml/bind/jakarta.xml.bind-api/2.3.2/jakarta.xml.bind-api-2.3.2.jar:/Users/rose/Users/work/maven/repository/jakarta/activation/jakarta.activation-api/1.2.2/jakarta.activation-api-1.2.2.jar:/Users/rose/Users/work/maven/repository/org/junit/jupiter/junit-jupiter/5.5.2/junit-jupiter-5.5.2.jar:/Users/rose/Users/work/maven/repository/org/junit/jupiter/junit-jupiter-api/5.5.2/junit-jupiter-api-5.5.2.jar:/Users/rose/Users/work/maven/repository/org/apiguardian/apiguardian-api/1.1.0/apiguardian-api-1.1.0.jar:/Users/rose/Users/work/maven/repository/org/opentest4j/opentest4j/1.2.0/opentest4j-1.2.0.jar:/Users/rose/Users/work/maven/repository/org/junit/platform/junit-platform-commons/1.5.2/junit-platform-commons-1.5.2.jar:/Users/rose/Users/work/maven/repository/org/junit/jupiter/junit-jupiter-params/5.5.2/junit-jupiter-params-5.5.2.jar:/Users/rose/Users/work/maven/repository/org/junit/jupiter/junit-jupiter-engine/5.5.2/junit-jupiter-engine-5.5.2.jar:/Users/rose/Users/work/maven/repository/org/junit/platform/junit-platform-engine/1.5.2/junit-platform-engine-1.5.2.jar:/Users/rose/Users/work/maven/repository/org/mockito/mockito-junit-jupiter/3.1.0/mockito-junit-jupiter-3.1.0.jar:/Users/rose/Users/work/maven/repository/org/assertj/assertj-core/3.13.2/assertj-core-3.13.2.jar:/Users/rose/Users/work/maven/repository/org/hamcrest/hamcrest/2.1/hamcrest-2.1.jar:/Users/rose/Users/work/maven/repository/org/mockito/mockito-core/3.1.0/mockito-core-3.1.0.jar:/Users/rose/Users/work/maven/repository/net/bytebuddy/byte-buddy/1.10.8/byte-buddy-1.10.8.jar:/Users/rose/Users/work/maven/repository/net/bytebuddy/byte-buddy-agent/1.10.8/byte-buddy-agent-1.10.8.jar:/Users/rose/Users/work/maven/repository/org/objenesis/objenesis/2.6/objenesis-2.6.jar:/Users/rose/Users/work/maven/repository/org/skyscreamer/jsonassert/1.5.0/jsonassert-1.5.0.jar:/Users/rose/Users/work/maven/repository/com/vaadin/external/google/android-json/0.0.20131108.vaadin1/android-json-0.0.20131108.vaadin1.jar:/Users/rose/Users/work/maven/repository/org/springframework/spring-core/5.2.4.RELEASE/spring-core-5.2.4.RELEASE.jar:/Users/rose/Users/work/maven/repository/org/springframework/spring-test/5.2.4.RELEASE/spring-test-5.2.4.RELEASE.jar:/Users/rose/Users/work/maven/repository/org/xmlunit/xmlunit-core/2.6.3/xmlunit-core-2.6.3.jar:/Users/rose/Users/work/maven/repository/org/springframework/cloud/spring-cloud-starter-openfeign/2.2.2.RELEASE/spring-cloud-starter-openfeign-2.2.2.RELEASE.jar:/Users/rose/Users/work/maven/repository/org/springframework/cloud/spring-cloud-starter/2.2.2.RELEASE/spring-cloud-starter-2.2.2.RELEASE.jar:/Users/rose/Users/work/maven/repository/org/springframework/cloud/spring-cloud-context/2.2.2.RELEASE/spring-cloud-context-2.2.2.RELEASE.jar:/Users/rose/Users/work/maven/repository/org/springframework/security/spring-security-rsa/1.0.9.RELEASE/spring-security-rsa-1.0.9.RELEASE.jar:/Users/rose/Users/work/maven/repository/org/bouncycastle/bcpkix-jdk15on/1.64/bcpkix-jdk15on-1.64.jar:/Users/rose/Users/work/maven/repository/org/bouncycastle/bcprov-jdk15on/1.64/bcprov-jdk15on-1.64.jar:/Users/rose/Users/work/maven/repository/org/springframework/cloud/spring-cloud-openfeign-core/2.2.2.RELEASE/spring-cloud-openfeign-core-2.2.2.RELEASE.jar:/Users/rose/Users/work/maven/repository/org/springframework/cloud/spring-cloud-netflix-ribbon/2.2.2.RELEASE/spring-cloud-netflix-ribbon-2.2.2.RELEASE.jar:/Users/rose/Users/work/maven/repository/org/springframework/cloud/spring-cloud-netflix-archaius/2.2.2.RELEASE/spring-cloud-netflix-archaius-2.2.2.RELEASE.jar:/Users/rose/Users/work/maven/repository/org/springframework/boot/spring-boot-starter-aop/2.2.5.RELEASE/spring-boot-starter-aop-2.2.5.RELEASE.jar:/Users/rose/Users/work/maven/repository/org/aspectj/aspectjweaver/1.9.5/aspectjweaver-1.9.5.jar:/Users/rose/Users/work/maven/repository/io/github/openfeign/form/feign-form-spring/3.8.0/feign-form-spring-3.8.0.jar:/Users/rose/Users/work/maven/repository/io/github/openfeign/form/feign-form/3.8.0/feign-form-3.8.0.jar:/Users/rose/Users/work/maven/repository/commons-fileupload/commons-fileupload/1.4/commons-fileupload-1.4.jar:/Users/rose/Users/work/maven/repository/commons-io/commons-io/2.2/commons-io-2.2.jar:/Users/rose/Users/work/maven/repository/org/springframework/cloud/spring-cloud-commons/2.2.2.RELEASE/spring-cloud-commons-2.2.2.RELEASE.jar:/Users/rose/Users/work/maven/repository/org/springframework/security/spring-security-crypto/5.2.2.RELEASE/spring-security-crypto-5.2.2.RELEASE.jar:/Users/rose/Users/work/maven/repository/io/github/openfeign/feign-core/10.7.4/feign-core-10.7.4.jar:/Users/rose/Users/work/maven/repository/io/github/openfeign/feign-slf4j/10.7.4/feign-slf4j-10.7.4.jar:/Users/rose/Users/work/maven/repository/io/github/openfeign/feign-hystrix/10.7.4/feign-hystrix-10.7.4.jar:/Users/rose/Users/work/maven/repository/com/netflix/archaius/archaius-core/0.7.6/archaius-core-0.7.6.jar:/Users/rose/Users/work/maven/repository/com/google/code/findbugs/jsr305/3.0.1/jsr305-3.0.1.jar:/Users/rose/Users/work/maven/repository/commons-configuration/commons-configuration/1.8/commons-configuration-1.8.jar:/Users/rose/Users/work/maven/repository/com/google/guava/guava/28.2-android/guava-28.2-android.jar:/Users/rose/Users/work/maven/repository/com/google/guava/failureaccess/1.0.1/failureaccess-1.0.1.jar:/Users/rose/Users/work/maven/repository/com/google/guava/listenablefuture/9999.0-empty-to-avoid-conflict-with-guava/listenablefuture-9999.0-empty-to-avoid-conflict-with-guava.jar:/Users/rose/Users/work/maven/repository/org/checkerframework/checker-compat-qual/2.5.5/checker-compat-qual-2.5.5.jar:/Users/rose/Users/work/maven/repository/com/google/errorprone/error_prone_annotations/2.3.4/error_prone_annotations-2.3.4.jar:/Users/rose/Users/work/maven/repository/com/google/j2objc/j2objc-annotations/1.3/j2objc-annotations-1.3.jar:/Users/rose/Users/work/maven/repository/com/netflix/hystrix/hystrix-core/1.5.18/hystrix-core-1.5.18.jar:/Users/rose/Users/work/maven/repository/io/reactivex/rxjava/1.3.8/rxjava-1.3.8.jar:"/>
    <property name="java.vm.vendor" value="Oracle Corporation"/>
    <property name="sun.arch.data.model" value="64"/>
    <property name="java.vendor.url" value="http://java.oracle.com/"/>
    <property name="user.timezone" value=""/>
    <property name="java.vm.specification.version" value="1.8"/>
    <property name="os.name" value="Mac OS X"/>
    <property name="user.country" value="CN"/>
    <property name="sun.java.launcher" value="SUN_STANDARD"/>
    <property name="sun.boot.library.path" value="/Library/Java/JavaVirtualMachines/jdk1.8.0_251.jdk/Contents/Home/jre/lib"/>
    <property name="sun.java.command" value="/Users/rose/Desktop/谷粒/B站【谷粒商城】资料/mall-mall-v2/mall-member/target/surefire/surefirebooter3492497049115002364.jar /Users/rose/Desktop/谷粒/B站【谷粒商城】资料/mall-mall-v2/mall-member/target/surefire 2020-10-28T17-46-37_257-jvmRun1 surefire2006586070822045375tmp surefire_09030783669433597007tmp"/>
    <property name="http.nonProxyHosts" value="local|*.local|169.254/16|*.169.254/16"/>
    <property name="surefire.test.class.path" value="/Users/rose/Desktop/谷粒/B站【谷粒商城】资料/mall-mall-v2/mall-member/target/test-classes:/Users/rose/Desktop/谷粒/B站【谷粒商城】资料/mall-mall-v2/mall-member/target/classes:/Users/rose/Users/work/maven/repository/org/springframework/boot/spring-boot-starter-actuator/2.1.0.RELEASE/spring-boot-starter-actuator-2.1.0.RELEASE.jar:/Users/rose/Users/work/maven/repository/org/springframework/boot/spring-boot-starter/2.2.5.RELEASE/spring-boot-starter-2.2.5.RELEASE.jar:/Users/rose/Users/work/maven/repository/org/springframework/boot/spring-boot/2.2.5.RELEASE/spring-boot-2.2.5.RELEASE.jar:/Users/rose/Users/work/maven/repository/org/springframework/boot/spring-boot-autoconfigure/2.2.5.RELEASE/spring-boot-autoconfigure-2.2.5.RELEASE.jar:/Users/rose/Users/work/maven/repository/org/springframework/boot/spring-boot-starter-logging/2.2.5.RELEASE/spring-boot-starter-logging-2.2.5.RELEASE.jar:/Users/rose/Users/work/maven/repository/ch/qos/logback/logback-classic/1.2.3/logback-classic-1.2.3.jar:/Users/rose/Users/work/maven/repository/ch/qos/logback/logback-core/1.2.3/logback-core-1.2.3.jar:/Users/rose/Users/work/maven/repository/org/apache/logging/log4j/log4j-to-slf4j/2.12.1/log4j-to-slf4j-2.12.1.jar:/Users/rose/Users/work/maven/repository/org/apache/logging/log4j/log4j-api/2.12.1/log4j-api-2.12.1.jar:/Users/rose/Users/work/maven/repository/org/slf4j/jul-to-slf4j/1.7.30/jul-to-slf4j-1.7.30.jar:/Users/rose/Users/work/maven/repository/jakarta/annotation/jakarta.annotation-api/1.3.5/jakarta.annotation-api-1.3.5.jar:/Users/rose/Users/work/maven/repository/org/yaml/snakeyaml/1.25/snakeyaml-1.25.jar:/Users/rose/Users/work/maven/repository/org/springframework/boot/spring-boot-actuator-autoconfigure/2.2.5.RELEASE/spring-boot-actuator-autoconfigure-2.2.5.RELEASE.jar:/Users/rose/Users/work/maven/repository/org/springframework/boot/spring-boot-actuator/2.2.5.RELEASE/spring-boot-actuator-2.2.5.RELEASE.jar:/Users/rose/Users/work/maven/repository/com/fasterxml/jackson/core/jackson-databind/2.10.2/jackson-databind-2.10.2.jar:/Users/rose/Users/work/maven/repository/com/fasterxml/jackson/core/jackson-annotations/2.10.2/jackson-annotations-2.10.2.jar:/Users/rose/Users/work/maven/repository/com/fasterxml/jackson/core/jackson-core/2.10.2/jackson-core-2.10.2.jar:/Users/rose/Users/work/maven/repository/org/springframework/spring-context/5.2.4.RELEASE/spring-context-5.2.4.RELEASE.jar:/Users/rose/Users/work/maven/repository/com/fasterxml/jackson/datatype/jackson-datatype-jsr310/2.10.2/jackson-datatype-jsr310-2.10.2.jar:/Users/rose/Users/work/maven/repository/io/micrometer/micrometer-core/1.3.5/micrometer-core-1.3.5.jar:/Users/rose/Users/work/maven/repository/org/hdrhistogram/HdrHistogram/2.1.11/HdrHistogram-2.1.11.jar:/Users/rose/Users/work/maven/repository/org/latencyutils/LatencyUtils/2.0.3/LatencyUtils-2.0.3.jar:/Users/rose/Users/work/maven/repository/org/springframework/session/spring-session-data-redis/2.2.1.RELEASE/spring-session-data-redis-2.2.1.RELEASE.jar:/Users/rose/Users/work/maven/repository/org/springframework/data/spring-data-redis/2.2.5.RELEASE/spring-data-redis-2.2.5.RELEASE.jar:/Users/rose/Users/work/maven/repository/org/springframework/data/spring-data-keyvalue/2.2.5.RELEASE/spring-data-keyvalue-2.2.5.RELEASE.jar:/Users/rose/Users/work/maven/repository/org/springframework/data/spring-data-commons/2.2.5.RELEASE/spring-data-commons-2.2.5.RELEASE.jar:/Users/rose/Users/work/maven/repository/org/springframework/spring-tx/5.2.4.RELEASE/spring-tx-5.2.4.RELEASE.jar:/Users/rose/Users/work/maven/repository/org/springframework/spring-oxm/5.2.4.RELEASE/spring-oxm-5.2.4.RELEASE.jar:/Users/rose/Users/work/maven/repository/org/springframework/spring-aop/5.2.4.RELEASE/spring-aop-5.2.4.RELEASE.jar:/Users/rose/Users/work/maven/repository/org/springframework/spring-context-support/5.2.4.RELEASE/spring-context-support-5.2.4.RELEASE.jar:/Users/rose/Users/work/maven/repository/org/slf4j/slf4j-api/1.7.30/slf4j-api-1.7.30.jar:/Users/rose/Users/work/maven/repository/org/springframework/session/spring-session-core/2.2.1.RELEASE/spring-session-core-2.2.1.RELEASE.jar:/Users/rose/Users/work/maven/repository/org/springframework/spring-jcl/5.2.4.RELEASE/spring-jcl-5.2.4.RELEASE.jar:/Users/rose/Users/work/maven/repository/org/springframework/boot/spring-boot-starter-data-redis/2.2.5.RELEASE/spring-boot-starter-data-redis-2.2.5.RELEASE.jar:/Users/rose/Users/work/maven/repository/io/lettuce/lettuce-core/5.2.2.RELEASE/lettuce-core-5.2.2.RELEASE.jar:/Users/rose/Users/work/maven/repository/io/netty/netty-common/4.1.45.Final/netty-common-4.1.45.Final.jar:/Users/rose/Users/work/maven/repository/io/netty/netty-handler/4.1.45.Final/netty-handler-4.1.45.Final.jar:/Users/rose/Users/work/maven/repository/io/netty/netty-buffer/4.1.45.Final/netty-buffer-4.1.45.Final.jar:/Users/rose/Users/work/maven/repository/io/netty/netty-codec/4.1.45.Final/netty-codec-4.1.45.Final.jar:/Users/rose/Users/work/maven/repository/io/netty/netty-transport/4.1.45.Final/netty-transport-4.1.45.Final.jar:/Users/rose/Users/work/maven/repository/io/netty/netty-resolver/4.1.45.Final/netty-resolver-4.1.45.Final.jar:/Users/rose/Users/work/maven/repository/io/projectreactor/reactor-core/3.3.3.RELEASE/reactor-core-3.3.3.RELEASE.jar:/Users/rose/Users/work/maven/repository/org/reactivestreams/reactive-streams/1.0.3/reactive-streams-1.0.3.jar:/Users/rose/Users/work/maven/repository/org/springframework/boot/spring-boot-starter-thymeleaf/2.2.5.RELEASE/spring-boot-starter-thymeleaf-2.2.5.RELEASE.jar:/Users/rose/Users/work/maven/repository/org/thymeleaf/thymeleaf-spring5/3.0.11.RELEASE/thymeleaf-spring5-3.0.11.RELEASE.jar:/Users/rose/Users/work/maven/repository/org/thymeleaf/thymeleaf/3.0.11.RELEASE/thymeleaf-3.0.11.RELEASE.jar:/Users/rose/Users/work/maven/repository/org/attoparser/attoparser/2.0.5.RELEASE/attoparser-2.0.5.RELEASE.jar:/Users/rose/Users/work/maven/repository/org/unbescape/unbescape/1.1.6.RELEASE/unbescape-1.1.6.RELEASE.jar:/Users/rose/Users/work/maven/repository/org/thymeleaf/extras/thymeleaf-extras-java8time/3.0.4.RELEASE/thymeleaf-extras-java8time-3.0.4.RELEASE.jar:/Users/rose/Users/work/maven/repository/com/firenay/leave/mall-common/1.0-SNAPSHOT/mall-common-1.0-SNAPSHOT.jar:/Users/rose/Users/work/maven/repository/com/alibaba/cloud/spring-cloud-starter-alibaba-sentinel/2.1.0.RELEASE/spring-cloud-starter-alibaba-sentinel-2.1.0.RELEASE.jar:/Users/rose/Users/work/maven/repository/com/alibaba/cloud/spring-cloud-alibaba-sentinel/2.1.0.RELEASE/spring-cloud-alibaba-sentinel-2.1.0.RELEASE.jar:/Users/rose/Users/work/maven/repository/com/alibaba/csp/sentinel-transport-simple-http/1.6.3/sentinel-transport-simple-http-1.6.3.jar:/Users/rose/Users/work/maven/repository/com/alibaba/csp/sentinel-transport-common/1.6.3/sentinel-transport-common-1.6.3.jar:/Users/rose/Users/work/maven/repository/com/alibaba/csp/sentinel-datasource-extension/1.6.3/sentinel-datasource-extension-1.6.3.jar:/Users/rose/Users/work/maven/repository/com/alibaba/fastjson/1.2.56/fastjson-1.2.56.jar:/Users/rose/Users/work/maven/repository/com/alibaba/csp/sentinel-annotation-aspectj/1.6.3/sentinel-annotation-aspectj-1.6.3.jar:/Users/rose/Users/work/maven/repository/com/alibaba/csp/sentinel-core/1.6.3/sentinel-core-1.6.3.jar:/Users/rose/Users/work/maven/repository/org/aspectj/aspectjrt/1.9.5/aspectjrt-1.9.5.jar:/Users/rose/Users/work/maven/repository/com/alibaba/csp/sentinel-web-servlet/1.6.3/sentinel-web-servlet-1.6.3.jar:/Users/rose/Users/work/maven/repository/com/alibaba/csp/sentinel-spring-webflux-adapter/1.6.3/sentinel-spring-webflux-adapter-1.6.3.jar:/Users/rose/Users/work/maven/repository/com/alibaba/csp/sentinel-reactor-adapter/1.6.3/sentinel-reactor-adapter-1.6.3.jar:/Users/rose/Users/work/maven/repository/com/alibaba/csp/sentinel-parameter-flow-control/1.6.3/sentinel-parameter-flow-control-1.6.3.jar:/Users/rose/Users/work/maven/repository/com/googlecode/concurrentlinkedhashmap/concurrentlinkedhashmap-lru/1.4.2/concurrentlinkedhashmap-lru-1.4.2.jar:/Users/rose/Users/work/maven/repository/com/alibaba/csp/sentinel-cluster-server-default/1.6.3/sentinel-cluster-server-default-1.6.3.jar:/Users/rose/Users/work/maven/repository/com/alibaba/csp/sentinel-cluster-common-default/1.6.3/sentinel-cluster-common-default-1.6.3.jar:/Users/rose/Users/work/maven/repository/com/alibaba/csp/sentinel-cluster-client-default/1.6.3/sentinel-cluster-client-default-1.6.3.jar:/Users/rose/Users/work/maven/repository/com/alibaba/cloud/spring-cloud-alibaba-sentinel-datasource/2.1.0.RELEASE/spring-cloud-alibaba-sentinel-datasource-2.1.0.RELEASE.jar:/Users/rose/Users/work/maven/repository/com/baomidou/mybatis-plus-boot-starter/3.3.2/mybatis-plus-boot-starter-3.3.2.jar:/Users/rose/Users/work/maven/repository/com/baomidou/mybatis-plus/3.3.2/mybatis-plus-3.3.2.jar:/Users/rose/Users/work/maven/repository/com/baomidou/mybatis-plus-extension/3.3.2/mybatis-plus-extension-3.3.2.jar:/Users/rose/Users/work/maven/repository/com/baomidou/mybatis-plus-core/3.3.2/mybatis-plus-core-3.3.2.jar:/Users/rose/Users/work/maven/repository/com/baomidou/mybatis-plus-annotation/3.3.2/mybatis-plus-annotation-3.3.2.jar:/Users/rose/Users/work/maven/repository/com/github/jsqlparser/jsqlparser/3.1/jsqlparser-3.1.jar:/Users/rose/Users/work/maven/repository/org/mybatis/mybatis/3.5.4/mybatis-3.5.4.jar:/Users/rose/Users/work/maven/repository/org/mybatis/mybatis-spring/2.0.4/mybatis-spring-2.0.4.jar:/Users/rose/Users/work/maven/repository/org/springframework/boot/spring-boot-starter-jdbc/2.2.5.RELEASE/spring-boot-starter-jdbc-2.2.5.RELEASE.jar:/Users/rose/Users/work/maven/repository/com/zaxxer/HikariCP/3.4.2/HikariCP-3.4.2.jar:/Users/rose/Users/work/maven/repository/org/springframework/spring-jdbc/5.2.4.RELEASE/spring-jdbc-5.2.4.RELEASE.jar:/Users/rose/Users/work/maven/repository/org/projectlombok/lombok/1.18.12/lombok-1.18.12.jar:/Users/rose/Users/work/maven/repository/org/apache/httpcomponents/httpcore/4.4.13/httpcore-4.4.13.jar:/Users/rose/Users/work/maven/repository/commons-lang/commons-lang/2.6/commons-lang-2.6.jar:/Users/rose/Users/work/maven/repository/mysql/mysql-connector-java/8.0.19/mysql-connector-java-8.0.19.jar:/Users/rose/Users/work/maven/repository/com/alibaba/cloud/spring-cloud-starter-alibaba-nacos-discovery/2.2.0.RELEASE/spring-cloud-starter-alibaba-nacos-discovery-2.2.0.RELEASE.jar:/Users/rose/Users/work/maven/repository/com/alibaba/cloud/spring-cloud-alibaba-nacos-discovery/2.2.0.RELEASE/spring-cloud-alibaba-nacos-discovery-2.2.0.RELEASE.jar:/Users/rose/Users/work/maven/repository/com/alibaba/nacos/nacos-client/1.1.4/nacos-client-1.1.4.jar:/Users/rose/Users/work/maven/repository/com/alibaba/nacos/nacos-common/1.1.4/nacos-common-1.1.4.jar:/Users/rose/Users/work/maven/repository/org/apache/commons/commons-lang3/3.9/commons-lang3-3.9.jar:/Users/rose/Users/work/maven/repository/com/alibaba/nacos/nacos-api/1.1.4/nacos-api-1.1.4.jar:/Users/rose/Users/work/maven/repository/commons-codec/commons-codec/1.13/commons-codec-1.13.jar:/Users/rose/Users/work/maven/repository/io/prometheus/simpleclient/0.5.0/simpleclient-0.5.0.jar:/Users/rose/Users/work/maven/repository/com/alibaba/spring/spring-context-support/1.0.5/spring-context-support-1.0.5.jar:/Users/rose/Users/work/maven/repository/org/springframework/cloud/spring-cloud-starter-netflix-ribbon/2.2.2.RELEASE/spring-cloud-starter-netflix-ribbon-2.2.2.RELEASE.jar:/Users/rose/Users/work/maven/repository/org/springframework/cloud/spring-cloud-starter-netflix-archaius/2.2.2.RELEASE/spring-cloud-starter-netflix-archaius-2.2.2.RELEASE.jar:/Users/rose/Users/work/maven/repository/com/netflix/ribbon/ribbon/2.3.0/ribbon-2.3.0.jar:/Users/rose/Users/work/maven/repository/com/netflix/ribbon/ribbon-transport/2.3.0/ribbon-transport-2.3.0.jar:/Users/rose/Users/work/maven/repository/io/reactivex/rxnetty-contexts/0.4.9/rxnetty-contexts-0.4.9.jar:/Users/rose/Users/work/maven/repository/io/reactivex/rxnetty-servo/0.4.9/rxnetty-servo-0.4.9.jar:/Users/rose/Users/work/maven/repository/javax/inject/javax.inject/1/javax.inject-1.jar:/Users/rose/Users/work/maven/repository/io/reactivex/rxnetty/0.4.9/rxnetty-0.4.9.jar:/Users/rose/Users/work/maven/repository/com/netflix/ribbon/ribbon-core/2.3.0/ribbon-core-2.3.0.jar:/Users/rose/Users/work/maven/repository/com/netflix/ribbon/ribbon-httpclient/2.3.0/ribbon-httpclient-2.3.0.jar:/Users/rose/Users/work/maven/repository/commons-collections/commons-collections/3.2.2/commons-collections-3.2.2.jar:/Users/rose/Users/work/maven/repository/org/apache/httpcomponents/httpclient/4.5.11/httpclient-4.5.11.jar:/Users/rose/Users/work/maven/repository/com/sun/jersey/jersey-client/1.19.1/jersey-client-1.19.1.jar:/Users/rose/Users/work/maven/repository/com/sun/jersey/jersey-core/1.19.1/jersey-core-1.19.1.jar:/Users/rose/Users/work/maven/repository/javax/ws/rs/jsr311-api/1.1.1/jsr311-api-1.1.1.jar:/Users/rose/Users/work/maven/repository/com/sun/jersey/contribs/jersey-apache-client4/1.19.1/jersey-apache-client4-1.19.1.jar:/Users/rose/Users/work/maven/repository/com/netflix/servo/servo-core/0.12.21/servo-core-0.12.21.jar:/Users/rose/Users/work/maven/repository/com/netflix/netflix-commons/netflix-commons-util/0.3.0/netflix-commons-util-0.3.0.jar:/Users/rose/Users/work/maven/repository/com/netflix/ribbon/ribbon-loadbalancer/2.3.0/ribbon-loadbalancer-2.3.0.jar:/Users/rose/Users/work/maven/repository/com/netflix/netflix-commons/netflix-statistics/0.1.1/netflix-statistics-0.1.1.jar:/Users/rose/Users/work/maven/repository/com/alibaba/cloud/spring-cloud-starter-alibaba-nacos-config/2.2.0.RELEASE/spring-cloud-starter-alibaba-nacos-config-2.2.0.RELEASE.jar:/Users/rose/Users/work/maven/repository/com/alibaba/cloud/spring-cloud-alibaba-nacos-config/2.2.0.RELEASE/spring-cloud-alibaba-nacos-config-2.2.0.RELEASE.jar:/Users/rose/Users/work/maven/repository/javax/validation/validation-api/2.0.1.Final/validation-api-2.0.1.Final.jar:/Users/rose/Users/work/maven/repository/org/springframework/boot/spring-boot-starter-web/2.2.5.RELEASE/spring-boot-starter-web-2.2.5.RELEASE.jar:/Users/rose/Users/work/maven/repository/org/springframework/boot/spring-boot-starter-json/2.2.5.RELEASE/spring-boot-starter-json-2.2.5.RELEASE.jar:/Users/rose/Users/work/maven/repository/com/fasterxml/jackson/datatype/jackson-datatype-jdk8/2.10.2/jackson-datatype-jdk8-2.10.2.jar:/Users/rose/Users/work/maven/repository/com/fasterxml/jackson/module/jackson-module-parameter-names/2.10.2/jackson-module-parameter-names-2.10.2.jar:/Users/rose/Users/work/maven/repository/org/springframework/boot/spring-boot-starter-tomcat/2.2.5.RELEASE/spring-boot-starter-tomcat-2.2.5.RELEASE.jar:/Users/rose/Users/work/maven/repository/org/apache/tomcat/embed/tomcat-embed-core/9.0.31/tomcat-embed-core-9.0.31.jar:/Users/rose/Users/work/maven/repository/org/apache/tomcat/embed/tomcat-embed-el/9.0.31/tomcat-embed-el-9.0.31.jar:/Users/rose/Users/work/maven/repository/org/apache/tomcat/embed/tomcat-embed-websocket/9.0.31/tomcat-embed-websocket-9.0.31.jar:/Users/rose/Users/work/maven/repository/org/springframework/boot/spring-boot-starter-validation/2.2.5.RELEASE/spring-boot-starter-validation-2.2.5.RELEASE.jar:/Users/rose/Users/work/maven/repository/jakarta/validation/jakarta.validation-api/2.0.2/jakarta.validation-api-2.0.2.jar:/Users/rose/Users/work/maven/repository/org/hibernate/validator/hibernate-validator/6.0.18.Final/hibernate-validator-6.0.18.Final.jar:/Users/rose/Users/work/maven/repository/org/jboss/logging/jboss-logging/3.4.1.Final/jboss-logging-3.4.1.Final.jar:/Users/rose/Users/work/maven/repository/com/fasterxml/classmate/1.5.1/classmate-1.5.1.jar:/Users/rose/Users/work/maven/repository/org/springframework/spring-web/5.2.4.RELEASE/spring-web-5.2.4.RELEASE.jar:/Users/rose/Users/work/maven/repository/org/springframework/spring-beans/5.2.4.RELEASE/spring-beans-5.2.4.RELEASE.jar:/Users/rose/Users/work/maven/repository/org/springframework/spring-webmvc/5.2.4.RELEASE/spring-webmvc-5.2.4.RELEASE.jar:/Users/rose/Users/work/maven/repository/org/springframework/spring-expression/5.2.4.RELEASE/spring-expression-5.2.4.RELEASE.jar:/Users/rose/Users/work/maven/repository/org/springframework/boot/spring-boot-starter-test/2.2.5.RELEASE/spring-boot-starter-test-2.2.5.RELEASE.jar:/Users/rose/Users/work/maven/repository/org/springframework/boot/spring-boot-test/2.2.5.RELEASE/spring-boot-test-2.2.5.RELEASE.jar:/Users/rose/Users/work/maven/repository/org/springframework/boot/spring-boot-test-autoconfigure/2.2.5.RELEASE/spring-boot-test-autoconfigure-2.2.5.RELEASE.jar:/Users/rose/Users/work/maven/repository/com/jayway/jsonpath/json-path/2.4.0/json-path-2.4.0.jar:/Users/rose/Users/work/maven/repository/net/minidev/json-smart/2.3/json-smart-2.3.jar:/Users/rose/Users/work/maven/repository/net/minidev/accessors-smart/1.2/accessors-smart-1.2.jar:/Users/rose/Users/work/maven/repository/org/ow2/asm/asm/5.0.4/asm-5.0.4.jar:/Users/rose/Users/work/maven/repository/jakarta/xml/bind/jakarta.xml.bind-api/2.3.2/jakarta.xml.bind-api-2.3.2.jar:/Users/rose/Users/work/maven/repository/jakarta/activation/jakarta.activation-api/1.2.2/jakarta.activation-api-1.2.2.jar:/Users/rose/Users/work/maven/repository/org/junit/jupiter/junit-jupiter/5.5.2/junit-jupiter-5.5.2.jar:/Users/rose/Users/work/maven/repository/org/junit/jupiter/junit-jupiter-api/5.5.2/junit-jupiter-api-5.5.2.jar:/Users/rose/Users/work/maven/repository/org/apiguardian/apiguardian-api/1.1.0/apiguardian-api-1.1.0.jar:/Users/rose/Users/work/maven/repository/org/opentest4j/opentest4j/1.2.0/opentest4j-1.2.0.jar:/Users/rose/Users/work/maven/repository/org/junit/platform/junit-platform-commons/1.5.2/junit-platform-commons-1.5.2.jar:/Users/rose/Users/work/maven/repository/org/junit/jupiter/junit-jupiter-params/5.5.2/junit-jupiter-params-5.5.2.jar:/Users/rose/Users/work/maven/repository/org/junit/jupiter/junit-jupiter-engine/5.5.2/junit-jupiter-engine-5.5.2.jar:/Users/rose/Users/work/maven/repository/org/junit/platform/junit-platform-engine/1.5.2/junit-platform-engine-1.5.2.jar:/Users/rose/Users/work/maven/repository/org/mockito/mockito-junit-jupiter/3.1.0/mockito-junit-jupiter-3.1.0.jar:/Users/rose/Users/work/maven/repository/org/assertj/assertj-core/3.13.2/assertj-core-3.13.2.jar:/Users/rose/Users/work/maven/repository/org/hamcrest/hamcrest/2.1/hamcrest-2.1.jar:/Users/rose/Users/work/maven/repository/org/mockito/mockito-core/3.1.0/mockito-core-3.1.0.jar:/Users/rose/Users/work/maven/repository/net/bytebuddy/byte-buddy/1.10.8/byte-buddy-1.10.8.jar:/Users/rose/Users/work/maven/repository/net/bytebuddy/byte-buddy-agent/1.10.8/byte-buddy-agent-1.10.8.jar:/Users/rose/Users/work/maven/repository/org/objenesis/objenesis/2.6/objenesis-2.6.jar:/Users/rose/Users/work/maven/repository/org/skyscreamer/jsonassert/1.5.0/jsonassert-1.5.0.jar:/Users/rose/Users/work/maven/repository/com/vaadin/external/google/android-json/0.0.20131108.vaadin1/android-json-0.0.20131108.vaadin1.jar:/Users/rose/Users/work/maven/repository/org/springframework/spring-core/5.2.4.RELEASE/spring-core-5.2.4.RELEASE.jar:/Users/rose/Users/work/maven/repository/org/springframework/spring-test/5.2.4.RELEASE/spring-test-5.2.4.RELEASE.jar:/Users/rose/Users/work/maven/repository/org/xmlunit/xmlunit-core/2.6.3/xmlunit-core-2.6.3.jar:/Users/rose/Users/work/maven/repository/org/springframework/cloud/spring-cloud-starter-openfeign/2.2.2.RELEASE/spring-cloud-starter-openfeign-2.2.2.RELEASE.jar:/Users/rose/Users/work/maven/repository/org/springframework/cloud/spring-cloud-starter/2.2.2.RELEASE/spring-cloud-starter-2.2.2.RELEASE.jar:/Users/rose/Users/work/maven/repository/org/springframework/cloud/spring-cloud-context/2.2.2.RELEASE/spring-cloud-context-2.2.2.RELEASE.jar:/Users/rose/Users/work/maven/repository/org/springframework/security/spring-security-rsa/1.0.9.RELEASE/spring-security-rsa-1.0.9.RELEASE.jar:/Users/rose/Users/work/maven/repository/org/bouncycastle/bcpkix-jdk15on/1.64/bcpkix-jdk15on-1.64.jar:/Users/rose/Users/work/maven/repository/org/bouncycastle/bcprov-jdk15on/1.64/bcprov-jdk15on-1.64.jar:/Users/rose/Users/work/maven/repository/org/springframework/cloud/spring-cloud-openfeign-core/2.2.2.RELEASE/spring-cloud-openfeign-core-2.2.2.RELEASE.jar:/Users/rose/Users/work/maven/repository/org/springframework/cloud/spring-cloud-netflix-ribbon/2.2.2.RELEASE/spring-cloud-netflix-ribbon-2.2.2.RELEASE.jar:/Users/rose/Users/work/maven/repository/org/springframework/cloud/spring-cloud-netflix-archaius/2.2.2.RELEASE/spring-cloud-netflix-archaius-2.2.2.RELEASE.jar:/Users/rose/Users/work/maven/repository/org/springframework/boot/spring-boot-starter-aop/2.2.5.RELEASE/spring-boot-starter-aop-2.2.5.RELEASE.jar:/Users/rose/Users/work/maven/repository/org/aspectj/aspectjweaver/1.9.5/aspectjweaver-1.9.5.jar:/Users/rose/Users/work/maven/repository/io/github/openfeign/form/feign-form-spring/3.8.0/feign-form-spring-3.8.0.jar:/Users/rose/Users/work/maven/repository/io/github/openfeign/form/feign-form/3.8.0/feign-form-3.8.0.jar:/Users/rose/Users/work/maven/repository/commons-fileupload/commons-fileupload/1.4/commons-fileupload-1.4.jar:/Users/rose/Users/work/maven/repository/commons-io/commons-io/2.2/commons-io-2.2.jar:/Users/rose/Users/work/maven/repository/org/springframework/cloud/spring-cloud-commons/2.2.2.RELEASE/spring-cloud-commons-2.2.2.RELEASE.jar:/Users/rose/Users/work/maven/repository/org/springframework/security/spring-security-crypto/5.2.2.RELEASE/spring-security-crypto-5.2.2.RELEASE.jar:/Users/rose/Users/work/maven/repository/io/github/openfeign/feign-core/10.7.4/feign-core-10.7.4.jar:/Users/rose/Users/work/maven/repository/io/github/openfeign/feign-slf4j/10.7.4/feign-slf4j-10.7.4.jar:/Users/rose/Users/work/maven/repository/io/github/openfeign/feign-hystrix/10.7.4/feign-hystrix-10.7.4.jar:/Users/rose/Users/work/maven/repository/com/netflix/archaius/archaius-core/0.7.6/archaius-core-0.7.6.jar:/Users/rose/Users/work/maven/repository/com/google/code/findbugs/jsr305/3.0.1/jsr305-3.0.1.jar:/Users/rose/Users/work/maven/repository/commons-configuration/commons-configuration/1.8/commons-configuration-1.8.jar:/Users/rose/Users/work/maven/repository/com/google/guava/guava/28.2-android/guava-28.2-android.jar:/Users/rose/Users/work/maven/repository/com/google/guava/failureaccess/1.0.1/failureaccess-1.0.1.jar:/Users/rose/Users/work/maven/repository/com/google/guava/listenablefuture/9999.0-empty-to-avoid-conflict-with-guava/listenablefuture-9999.0-empty-to-avoid-conflict-with-guava.jar:/Users/rose/Users/work/maven/repository/org/checkerframework/checker-compat-qual/2.5.5/checker-compat-qual-2.5.5.jar:/Users/rose/Users/work/maven/repository/com/google/errorprone/error_prone_annotations/2.3.4/error_prone_annotations-2.3.4.jar:/Users/rose/Users/work/maven/repository/com/google/j2objc/j2objc-annotations/1.3/j2objc-annotations-1.3.jar:/Users/rose/Users/work/maven/repository/com/netflix/hystrix/hystrix-core/1.5.18/hystrix-core-1.5.18.jar:/Users/rose/Users/work/maven/repository/io/reactivex/rxjava/1.3.8/rxjava-1.3.8.jar:"/>
    <property name="sun.cpu.endian" value="little"/>
    <property name="user.home" value="/Users/rose"/>
    <property name="user.language" value="zh"/>
    <property name="java.specification.vendor" value="Oracle Corporation"/>
    <property name="java.home" value="/Library/Java/JavaVirtualMachines/jdk1.8.0_251.jdk/Contents/Home/jre"/>
    <property name="basedir" value="/Users/rose/Desktop/谷粒/B站【谷粒商城】资料/mall-mall-v2/mall-member"/>
    <property name="file.separator" value="/"/>
    <property name="line.separator" value="&#10;"/>
    <property name="java.vm.specification.vendor" value="Oracle Corporation"/>
    <property name="java.specification.name" value="Java Platform API Specification"/>
    <property name="java.awt.graphicsenv" value="sun.awt.CGraphicsEnvironment"/>
    <property name="idea.version2020.1.1" value="true"/>
    <property name="surefire.real.class.path" value="/Users/rose/Desktop/谷粒/B站【谷粒商城】资料/mall-mall-v2/mall-member/target/surefire/surefirebooter3492497049115002364.jar"/>
    <property name="sun.boot.class.path" value="/Library/Java/JavaVirtualMachines/jdk1.8.0_251.jdk/Contents/Home/jre/lib/resources.jar:/Library/Java/JavaVirtualMachines/jdk1.8.0_251.jdk/Contents/Home/jre/lib/rt.jar:/Library/Java/JavaVirtualMachines/jdk1.8.0_251.jdk/Contents/Home/jre/lib/sunrsasign.jar:/Library/Java/JavaVirtualMachines/jdk1.8.0_251.jdk/Contents/Home/jre/lib/jsse.jar:/Library/Java/JavaVirtualMachines/jdk1.8.0_251.jdk/Contents/Home/jre/lib/jce.jar:/Library/Java/JavaVirtualMachines/jdk1.8.0_251.jdk/Contents/Home/jre/lib/charsets.jar:/Library/Java/JavaVirtualMachines/jdk1.8.0_251.jdk/Contents/Home/jre/lib/jfr.jar:/Library/Java/JavaVirtualMachines/jdk1.8.0_251.jdk/Contents/Home/jre/classes"/>
    <property name="sun.management.compiler" value="HotSpot 64-Bit Tiered Compilers"/>
    <property name="ftp.nonProxyHosts" value="local|*.local|169.254/16|*.169.254/16"/>
    <property name="java.runtime.version" value="1.8.0_251-b08"/>
    <property name="user.name" value="rose"/>
    <property name="path.separator" value=":"/>
    <property name="os.version" value="10.15.5"/>
    <property name="java.endorsed.dirs" value="/Library/Java/JavaVirtualMachines/jdk1.8.0_251.jdk/Contents/Home/jre/lib/endorsed"/>
    <property name="java.runtime.name" value="Java(TM) SE Runtime Environment"/>
    <property name="file.encoding" value="UTF-8"/>
    <property name="java.vm.name" value="Java HotSpot(TM) 64-Bit Server VM"/>
    <property name="localRepository" value="/Users/rose/Users/work/maven/repository"/>
    <property name="java.vendor.url.bug" value="http://bugreport.sun.com/bugreport/"/>
    <property name="java.io.tmpdir" value="/var/folders/5_/bl4cm7lj1f3b24fhk4r0g7gc0000gn/T/"/>
    <property name="java.version" value="1.8.0_251"/>
    <property name="user.dir" value="/Users/rose/Desktop/谷粒/B站【谷粒商城】资料/mall-mall-v2/mall-member"/>
    <property name="os.arch" value="x86_64"/>
    <property name="java.vm.specification.name" value="Java Virtual Machine Specification"/>
    <property name="java.awt.printerjob" value="sun.lwawt.macosx.CPrinterJob"/>
    <property name="sun.os.patch.level" value="unknown"/>
    <property name="java.library.path" value="/Users/rose/Library/Java/Extensions:/Library/Java/Extensions:/Network/Library/Java/Extensions:/System/Library/Java/Extensions:/usr/lib/java:."/>
    <property name="java.vm.info" value="mixed mode"/>
    <property name="java.vendor" value="Oracle Corporation"/>
    <property name="java.vm.version" value="25.251-b08"/>
    <property name="java.ext.dirs" value="/Users/rose/Library/Java/Extensions:/Library/Java/JavaVirtualMachines/jdk1.8.0_251.jdk/Contents/Home/jre/lib/ext:/Library/Java/Extensions:/Network/Library/Java/Extensions:/System/Library/Java/Extensions:/usr/lib/java"/>
    <property name="sun.io.unicode.encoding" value="UnicodeBig"/>
    <property name="maven.repo.local" value="/Users/rose/Users/work/maven/repository"/>
    <property name="java.class.version" value="52.0"/>
    <property name="socksNonProxyHosts" value="local|*.local|169.254/16|*.169.254/16"/>
  </properties>
  <testcase name="contextLoads" classname="com.firenay.mall.member.MallMemberApplicationTests" time="0.261"/>
</testsuite>