<?xml version="1.0" encoding="UTF-8"?>
<testsuite xmlns:xsi="http://www.w3.org/2001/XMLSchema-instance" xsi:noNamespaceSchemaLocation="https://maven.apache.org/surefire/maven-surefire-plugin/xsd/surefire-test-report.xsd" name="com.firenay.mall.coupon.MallCouponApplicationTests" time="16.48" tests="1" errors="1" skipped="0" failures="0">
  <properties>
    <property name="gopherProxySet" value="false"/>
    <property name="awt.toolkit" value="sun.lwawt.macosx.LWCToolkit"/>
    <property name="file.encoding.pkg" value="sun.io"/>
    <property name="java.specification.version" value="1.8"/>
    <property name="sun.cpu.isalist" value=""/>
    <property name="sun.jnu.encoding" value="UTF-8"/>
    <property name="java.class.path" value="/Users/rose/Desktop/谷粒/B站【谷粒商城】资料/mall-mall-v2/mall-coupon/target/test-classes:/Users/rose/Desktop/谷粒/B站【谷粒商城】资料/mall-mall-v2/mall-coupon/target/classes:/Users/rose/Users/work/maven/repository/org/springframework/cloud/spring-cloud-starter-zipkin/2.1.0.RELEASE/spring-cloud-starter-zipkin-2.1.0.RELEASE.jar:/Users/rose/Users/work/maven/repository/org/springframework/cloud/spring-cloud-starter-sleuth/2.2.2.RELEASE/spring-cloud-starter-sleuth-2.2.2.RELEASE.jar:/Users/rose/Users/work/maven/repository/org/springframework/boot/spring-boot-starter-aop/2.2.5.RELEASE/spring-boot-starter-aop-2.2.5.RELEASE.jar:/Users/rose/Users/work/maven/repository/org/aspectj/aspectjweaver/1.9.5/aspectjweaver-1.9.5.jar:/Users/rose/Users/work/maven/repository/org/springframework/cloud/spring-cloud-sleuth-core/2.2.2.RELEASE/spring-cloud-sleuth-core-2.2.2.RELEASE.jar:/Users/rose/Users/work/maven/repository/org/aspectj/aspectjrt/1.9.5/aspectjrt-1.9.5.jar:/Users/rose/Users/work/maven/repository/io/zipkin/brave/brave/5.10.1/brave-5.10.1.jar:/Users/rose/Users/work/maven/repository/io/zipkin/brave/brave-context-log4j2/5.10.1/brave-context-log4j2-5.10.1.jar:/Users/rose/Users/work/maven/repository/io/zipkin/brave/brave-instrumentation-messaging/5.10.1/brave-instrumentation-messaging-5.10.1.jar:/Users/rose/Users/work/maven/repository/io/zipkin/brave/brave-instrumentation-rpc/5.10.1/brave-instrumentation-rpc-5.10.1.jar:/Users/rose/Users/work/maven/repository/io/zipkin/brave/brave-instrumentation-spring-web/5.10.1/brave-instrumentation-spring-web-5.10.1.jar:/Users/rose/Users/work/maven/repository/io/zipkin/brave/brave-instrumentation-http/5.10.1/brave-instrumentation-http-5.10.1.jar:/Users/rose/Users/work/maven/repository/io/zipkin/brave/brave-instrumentation-spring-rabbit/5.10.1/brave-instrumentation-spring-rabbit-5.10.1.jar:/Users/rose/Users/work/maven/repository/io/zipkin/brave/brave-instrumentation-kafka-clients/5.10.1/brave-instrumentation-kafka-clients-5.10.1.jar:/Users/rose/Users/work/maven/repository/io/zipkin/brave/brave-instrumentation-kafka-streams/5.10.1/brave-instrumentation-kafka-streams-5.10.1.jar:/Users/rose/Users/work/maven/repository/io/zipkin/brave/brave-instrumentation-httpclient/5.10.1/brave-instrumentation-httpclient-5.10.1.jar:/Users/rose/Users/work/maven/repository/io/zipkin/brave/brave-instrumentation-httpasyncclient/5.10.1/brave-instrumentation-httpasyncclient-5.10.1.jar:/Users/rose/Users/work/maven/repository/io/zipkin/brave/brave-instrumentation-spring-webmvc/5.10.1/brave-instrumentation-spring-webmvc-5.10.1.jar:/Users/rose/Users/work/maven/repository/io/zipkin/brave/brave-instrumentation-servlet/5.10.1/brave-instrumentation-servlet-5.10.1.jar:/Users/rose/Users/work/maven/repository/io/zipkin/brave/brave-instrumentation-jms/5.10.1/brave-instrumentation-jms-5.10.1.jar:/Users/rose/Users/work/maven/repository/io/zipkin/reporter2/zipkin-reporter-metrics-micrometer/2.12.1/zipkin-reporter-metrics-micrometer-2.12.1.jar:/Users/rose/Users/work/maven/repository/org/springframework/cloud/spring-cloud-sleuth-zipkin/2.2.2.RELEASE/spring-cloud-sleuth-zipkin-2.2.2.RELEASE.jar:/Users/rose/Users/work/maven/repository/io/zipkin/zipkin2/zipkin/2.19.3/zipkin-2.19.3.jar:/Users/rose/Users/work/maven/repository/io/zipkin/reporter2/zipkin-reporter/2.12.1/zipkin-reporter-2.12.1.jar:/Users/rose/Users/work/maven/repository/io/zipkin/reporter2/zipkin-sender-kafka/2.12.1/zipkin-sender-kafka-2.12.1.jar:/Users/rose/Users/work/maven/repository/io/zipkin/reporter2/zipkin-sender-activemq-client/2.12.1/zipkin-sender-activemq-client-2.12.1.jar:/Users/rose/Users/work/maven/repository/io/zipkin/reporter2/zipkin-sender-amqp-client/2.12.1/zipkin-sender-amqp-client-2.12.1.jar:/Users/rose/Users/work/maven/repository/org/springframework/boot/spring-boot-starter-actuator/2.1.0.RELEASE/spring-boot-starter-actuator-2.1.0.RELEASE.jar:/Users/rose/Users/work/maven/repository/org/springframework/boot/spring-boot-starter/2.2.5.RELEASE/spring-boot-starter-2.2.5.RELEASE.jar:/Users/rose/Users/work/maven/repository/org/springframework/boot/spring-boot/2.2.5.RELEASE/spring-boot-2.2.5.RELEASE.jar:/Users/rose/Users/work/maven/repository/org/springframework/boot/spring-boot-autoconfigure/2.2.5.RELEASE/spring-boot-autoconfigure-2.2.5.RELEASE.jar:/Users/rose/Users/work/maven/repository/org/springframework/boot/spring-boot-starter-logging/2.2.5.RELEASE/spring-boot-starter-logging-2.2.5.RELEASE.jar:/Users/rose/Users/work/maven/repository/ch/qos/logback/logback-classic/1.2.3/logback-classic-1.2.3.jar:/Users/rose/Users/work/maven/repository/ch/qos/logback/logback-core/1.2.3/logback-core-1.2.3.jar:/Users/rose/Users/work/maven/repository/org/apache/logging/log4j/log4j-to-slf4j/2.12.1/log4j-to-slf4j-2.12.1.jar:/Users/rose/Users/work/maven/repository/org/apache/logging/log4j/log4j-api/2.12.1/log4j-api-2.12.1.jar:/Users/rose/Users/work/maven/repository/org/slf4j/jul-to-slf4j/1.7.30/jul-to-slf4j-1.7.30.jar:/Users/rose/Users/work/maven/repository/jakarta/annotation/jakarta.annotation-api/1.3.5/jakarta.annotation-api-1.3.5.jar:/Users/rose/Users/work/maven/repository/org/yaml/snakeyaml/1.25/snakeyaml-1.25.jar:/Users/rose/Users/work/maven/repository/org/springframework/boot/spring-boot-actuator-autoconfigure/2.2.5.RELEASE/spring-boot-actuator-autoconfigure-2.2.5.RELEASE.jar:/Users/rose/Users/work/maven/repository/org/springframework/boot/spring-boot-actuator/2.2.5.RELEASE/spring-boot-actuator-2.2.5.RELEASE.jar:/Users/rose/Users/work/maven/repository/com/fasterxml/jackson/core/jackson-databind/2.10.2/jackson-databind-2.10.2.jar:/Users/rose/Users/work/maven/repository/com/fasterxml/jackson/core/jackson-annotations/2.10.2/jackson-annotations-2.10.2.jar:/Users/rose/Users/work/maven/repository/com/fasterxml/jackson/core/jackson-core/2.10.2/jackson-core-2.10.2.jar:/Users/rose/Users/work/maven/repository/org/springframework/spring-context/5.2.4.RELEASE/spring-context-5.2.4.RELEASE.jar:/Users/rose/Users/work/maven/repository/com/fasterxml/jackson/datatype/jackson-datatype-jsr310/2.10.2/jackson-datatype-jsr310-2.10.2.jar:/Users/rose/Users/work/maven/repository/io/micrometer/micrometer-core/1.3.5/micrometer-core-1.3.5.jar:/Users/rose/Users/work/maven/repository/org/hdrhistogram/HdrHistogram/2.1.11/HdrHistogram-2.1.11.jar:/Users/rose/Users/work/maven/repository/org/latencyutils/LatencyUtils/2.0.3/LatencyUtils-2.0.3.jar:/Users/rose/Users/work/maven/repository/org/springframework/boot/spring-boot-starter-web/2.2.5.RELEASE/spring-boot-starter-web-2.2.5.RELEASE.jar:/Users/rose/Users/work/maven/repository/org/springframework/boot/spring-boot-starter-json/2.2.5.RELEASE/spring-boot-starter-json-2.2.5.RELEASE.jar:/Users/rose/Users/work/maven/repository/com/fasterxml/jackson/datatype/jackson-datatype-jdk8/2.10.2/jackson-datatype-jdk8-2.10.2.jar:/Users/rose/Users/work/maven/repository/com/fasterxml/jackson/module/jackson-module-parameter-names/2.10.2/jackson-module-parameter-names-2.10.2.jar:/Users/rose/Users/work/maven/repository/org/springframework/boot/spring-boot-starter-tomcat/2.2.5.RELEASE/spring-boot-starter-tomcat-2.2.5.RELEASE.jar:/Users/rose/Users/work/maven/repository/org/apache/tomcat/embed/tomcat-embed-core/9.0.31/tomcat-embed-core-9.0.31.jar:/Users/rose/Users/work/maven/repository/org/apache/tomcat/embed/tomcat-embed-el/9.0.31/tomcat-embed-el-9.0.31.jar:/Users/rose/Users/work/maven/repository/org/apache/tomcat/embed/tomcat-embed-websocket/9.0.31/tomcat-embed-websocket-9.0.31.jar:/Users/rose/Users/work/maven/repository/org/springframework/boot/spring-boot-starter-validation/2.2.5.RELEASE/spring-boot-starter-validation-2.2.5.RELEASE.jar:/Users/rose/Users/work/maven/repository/jakarta/validation/jakarta.validation-api/2.0.2/jakarta.validation-api-2.0.2.jar:/Users/rose/Users/work/maven/repository/org/hibernate/validator/hibernate-validator/6.0.18.Final/hibernate-validator-6.0.18.Final.jar:/Users/rose/Users/work/maven/repository/org/jboss/logging/jboss-logging/3.4.1.Final/jboss-logging-3.4.1.Final.jar:/Users/rose/Users/work/maven/repository/com/fasterxml/classmate/1.5.1/classmate-1.5.1.jar:/Users/rose/Users/work/maven/repository/org/springframework/spring-web/5.2.4.RELEASE/spring-web-5.2.4.RELEASE.jar:/Users/rose/Users/work/maven/repository/org/springframework/spring-beans/5.2.4.RELEASE/spring-beans-5.2.4.RELEASE.jar:/Users/rose/Users/work/maven/repository/org/springframework/spring-webmvc/5.2.4.RELEASE/spring-webmvc-5.2.4.RELEASE.jar:/Users/rose/Users/work/maven/repository/org/springframework/spring-aop/5.2.4.RELEASE/spring-aop-5.2.4.RELEASE.jar:/Users/rose/Users/work/maven/repository/org/springframework/spring-expression/5.2.4.RELEASE/spring-expression-5.2.4.RELEASE.jar:/Users/rose/Users/work/maven/repository/org/springframework/cloud/spring-cloud-starter-openfeign/2.2.2.RELEASE/spring-cloud-starter-openfeign-2.2.2.RELEASE.jar:/Users/rose/Users/work/maven/repository/org/springframework/cloud/spring-cloud-starter/2.2.2.RELEASE/spring-cloud-starter-2.2.2.RELEASE.jar:/Users/rose/Users/work/maven/repository/org/springframework/cloud/spring-cloud-context/2.2.2.RELEASE/spring-cloud-context-2.2.2.RELEASE.jar:/Users/rose/Users/work/maven/repository/org/springframework/security/spring-security-rsa/1.0.9.RELEASE/spring-security-rsa-1.0.9.RELEASE.jar:/Users/rose/Users/work/maven/repository/org/bouncycastle/bcpkix-jdk15on/1.64/bcpkix-jdk15on-1.64.jar:/Users/rose/Users/work/maven/repository/org/bouncycastle/bcprov-jdk15on/1.64/bcprov-jdk15on-1.64.jar:/Users/rose/Users/work/maven/repository/org/springframework/cloud/spring-cloud-openfeign-core/2.2.2.RELEASE/spring-cloud-openfeign-core-2.2.2.RELEASE.jar:/Users/rose/Users/work/maven/repository/org/springframework/cloud/spring-cloud-netflix-ribbon/2.2.2.RELEASE/spring-cloud-netflix-ribbon-2.2.2.RELEASE.jar:/Users/rose/Users/work/maven/repository/org/springframework/cloud/spring-cloud-netflix-archaius/2.2.2.RELEASE/spring-cloud-netflix-archaius-2.2.2.RELEASE.jar:/Users/rose/Users/work/maven/repository/io/github/openfeign/form/feign-form-spring/3.8.0/feign-form-spring-3.8.0.jar:/Users/rose/Users/work/maven/repository/io/github/openfeign/form/feign-form/3.8.0/feign-form-3.8.0.jar:/Users/rose/Users/work/maven/repository/commons-fileupload/commons-fileupload/1.4/commons-fileupload-1.4.jar:/Users/rose/Users/work/maven/repository/commons-io/commons-io/2.2/commons-io-2.2.jar:/Users/rose/Users/work/maven/repository/org/springframework/cloud/spring-cloud-commons/2.2.2.RELEASE/spring-cloud-commons-2.2.2.RELEASE.jar:/Users/rose/Users/work/maven/repository/org/springframework/security/spring-security-crypto/5.2.2.RELEASE/spring-security-crypto-5.2.2.RELEASE.jar:/Users/rose/Users/work/maven/repository/io/github/openfeign/feign-core/10.7.4/feign-core-10.7.4.jar:/Users/rose/Users/work/maven/repository/io/github/openfeign/feign-slf4j/10.7.4/feign-slf4j-10.7.4.jar:/Users/rose/Users/work/maven/repository/org/slf4j/slf4j-api/1.7.30/slf4j-api-1.7.30.jar:/Users/rose/Users/work/maven/repository/io/github/openfeign/feign-hystrix/10.7.4/feign-hystrix-10.7.4.jar:/Users/rose/Users/work/maven/repository/com/netflix/archaius/archaius-core/0.7.6/archaius-core-0.7.6.jar:/Users/rose/Users/work/maven/repository/com/google/code/findbugs/jsr305/3.0.1/jsr305-3.0.1.jar:/Users/rose/Users/work/maven/repository/commons-configuration/commons-configuration/1.8/commons-configuration-1.8.jar:/Users/rose/Users/work/maven/repository/com/google/guava/guava/28.2-android/guava-28.2-android.jar:/Users/rose/Users/work/maven/repository/com/google/guava/failureaccess/1.0.1/failureaccess-1.0.1.jar:/Users/rose/Users/work/maven/repository/com/google/guava/listenablefuture/9999.0-empty-to-avoid-conflict-with-guava/listenablefuture-9999.0-empty-to-avoid-conflict-with-guava.jar:/Users/rose/Users/work/maven/repository/org/checkerframework/checker-compat-qual/2.5.5/checker-compat-qual-2.5.5.jar:/Users/rose/Users/work/maven/repository/com/google/errorprone/error_prone_annotations/2.3.4/error_prone_annotations-2.3.4.jar:/Users/rose/Users/work/maven/repository/com/google/j2objc/j2objc-annotations/1.3/j2objc-annotations-1.3.jar:/Users/rose/Users/work/maven/repository/com/netflix/hystrix/hystrix-core/1.5.18/hystrix-core-1.5.18.jar:/Users/rose/Users/work/maven/repository/io/reactivex/rxjava/1.3.8/rxjava-1.3.8.jar:/Users/rose/Users/work/maven/repository/org/springframework/boot/spring-boot-starter-test/2.2.5.RELEASE/spring-boot-starter-test-2.2.5.RELEASE.jar:/Users/rose/Users/work/maven/repository/org/springframework/boot/spring-boot-test/2.2.5.RELEASE/spring-boot-test-2.2.5.RELEASE.jar:/Users/rose/Users/work/maven/repository/org/springframework/boot/spring-boot-test-autoconfigure/2.2.5.RELEASE/spring-boot-test-autoconfigure-2.2.5.RELEASE.jar:/Users/rose/Users/work/maven/repository/com/jayway/jsonpath/json-path/2.4.0/json-path-2.4.0.jar:/Users/rose/Users/work/maven/repository/net/minidev/json-smart/2.3/json-smart-2.3.jar:/Users/rose/Users/work/maven/repository/net/minidev/accessors-smart/1.2/accessors-smart-1.2.jar:/Users/rose/Users/work/maven/repository/org/ow2/asm/asm/5.0.4/asm-5.0.4.jar:/Users/rose/Users/work/maven/repository/jakarta/xml/bind/jakarta.xml.bind-api/2.3.2/jakarta.xml.bind-api-2.3.2.jar:/Users/rose/Users/work/maven/repository/jakarta/activation/jakarta.activation-api/1.2.2/jakarta.activation-api-1.2.2.jar:/Users/rose/Users/work/maven/repository/org/junit/jupiter/junit-jupiter/5.5.2/junit-jupiter-5.5.2.jar:/Users/rose/Users/work/maven/repository/org/junit/jupiter/junit-jupiter-api/5.5.2/junit-jupiter-api-5.5.2.jar:/Users/rose/Users/work/maven/repository/org/apiguardian/apiguardian-api/1.1.0/apiguardian-api-1.1.0.jar:/Users/rose/Users/work/maven/repository/org/opentest4j/opentest4j/1.2.0/opentest4j-1.2.0.jar:/Users/rose/Users/work/maven/repository/org/junit/platform/junit-platform-commons/1.5.2/junit-platform-commons-1.5.2.jar:/Users/rose/Users/work/maven/repository/org/junit/jupiter/junit-jupiter-params/5.5.2/junit-jupiter-params-5.5.2.jar:/Users/rose/Users/work/maven/repository/org/junit/jupiter/junit-jupiter-engine/5.5.2/junit-jupiter-engine-5.5.2.jar:/Users/rose/Users/work/maven/repository/org/junit/platform/junit-platform-engine/1.5.2/junit-platform-engine-1.5.2.jar:/Users/rose/Users/work/maven/repository/org/mockito/mockito-junit-jupiter/3.1.0/mockito-junit-jupiter-3.1.0.jar:/Users/rose/Users/work/maven/repository/org/assertj/assertj-core/3.13.2/assertj-core-3.13.2.jar:/Users/rose/Users/work/maven/repository/org/hamcrest/hamcrest/2.1/hamcrest-2.1.jar:/Users/rose/Users/work/maven/repository/org/mockito/mockito-core/3.1.0/mockito-core-3.1.0.jar:/Users/rose/Users/work/maven/repository/net/bytebuddy/byte-buddy/1.10.8/byte-buddy-1.10.8.jar:/Users/rose/Users/work/maven/repository/net/bytebuddy/byte-buddy-agent/1.10.8/byte-buddy-agent-1.10.8.jar:/Users/rose/Users/work/maven/repository/org/objenesis/objenesis/2.6/objenesis-2.6.jar:/Users/rose/Users/work/maven/repository/org/skyscreamer/jsonassert/1.5.0/jsonassert-1.5.0.jar:/Users/rose/Users/work/maven/repository/com/vaadin/external/google/android-json/0.0.20131108.vaadin1/android-json-0.0.20131108.vaadin1.jar:/Users/rose/Users/work/maven/repository/org/springframework/spring-core/5.2.4.RELEASE/spring-core-5.2.4.RELEASE.jar:/Users/rose/Users/work/maven/repository/org/springframework/spring-jcl/5.2.4.RELEASE/spring-jcl-5.2.4.RELEASE.jar:/Users/rose/Users/work/maven/repository/org/springframework/spring-test/5.2.4.RELEASE/spring-test-5.2.4.RELEASE.jar:/Users/rose/Users/work/maven/repository/org/xmlunit/xmlunit-core/2.6.3/xmlunit-core-2.6.3.jar:/Users/rose/Desktop/谷粒/B站【谷粒商城】资料/mall-mall-v2/mall-common/target/mall-common-1.0-SNAPSHOT.jar:/Users/rose/Users/work/maven/repository/com/alibaba/cloud/spring-cloud-starter-alibaba-sentinel/2.1.0.RELEASE/spring-cloud-starter-alibaba-sentinel-2.1.0.RELEASE.jar:/Users/rose/Users/work/maven/repository/com/alibaba/cloud/spring-cloud-alibaba-sentinel/2.1.0.RELEASE/spring-cloud-alibaba-sentinel-2.1.0.RELEASE.jar:/Users/rose/Users/work/maven/repository/com/alibaba/csp/sentinel-transport-simple-http/1.6.3/sentinel-transport-simple-http-1.6.3.jar:/Users/rose/Users/work/maven/repository/com/alibaba/csp/sentinel-transport-common/1.6.3/sentinel-transport-common-1.6.3.jar:/Users/rose/Users/work/maven/repository/com/alibaba/csp/sentinel-datasource-extension/1.6.3/sentinel-datasource-extension-1.6.3.jar:/Users/rose/Users/work/maven/repository/com/alibaba/fastjson/1.2.56/fastjson-1.2.56.jar:/Users/rose/Users/work/maven/repository/com/alibaba/csp/sentinel-annotation-aspectj/1.6.3/sentinel-annotation-aspectj-1.6.3.jar:/Users/rose/Users/work/maven/repository/com/alibaba/csp/sentinel-core/1.6.3/sentinel-core-1.6.3.jar:/Users/rose/Users/work/maven/repository/com/alibaba/csp/sentinel-web-servlet/1.6.3/sentinel-web-servlet-1.6.3.jar:/Users/rose/Users/work/maven/repository/com/alibaba/csp/sentinel-spring-webflux-adapter/1.6.3/sentinel-spring-webflux-adapter-1.6.3.jar:/Users/rose/Users/work/maven/repository/com/alibaba/csp/sentinel-reactor-adapter/1.6.3/sentinel-reactor-adapter-1.6.3.jar:/Users/rose/Users/work/maven/repository/com/alibaba/csp/sentinel-parameter-flow-control/1.6.3/sentinel-parameter-flow-control-1.6.3.jar:/Users/rose/Users/work/maven/repository/com/googlecode/concurrentlinkedhashmap/concurrentlinkedhashmap-lru/1.4.2/concurrentlinkedhashmap-lru-1.4.2.jar:/Users/rose/Users/work/maven/repository/com/alibaba/csp/sentinel-cluster-server-default/1.6.3/sentinel-cluster-server-default-1.6.3.jar:/Users/rose/Users/work/maven/repository/com/alibaba/csp/sentinel-cluster-common-default/1.6.3/sentinel-cluster-common-default-1.6.3.jar:/Users/rose/Users/work/maven/repository/io/netty/netty-handler/4.1.45.Final/netty-handler-4.1.45.Final.jar:/Users/rose/Users/work/maven/repository/io/netty/netty-common/4.1.45.Final/netty-common-4.1.45.Final.jar:/Users/rose/Users/work/maven/repository/io/netty/netty-buffer/4.1.45.Final/netty-buffer-4.1.45.Final.jar:/Users/rose/Users/work/maven/repository/io/netty/netty-transport/4.1.45.Final/netty-transport-4.1.45.Final.jar:/Users/rose/Users/work/maven/repository/io/netty/netty-resolver/4.1.45.Final/netty-resolver-4.1.45.Final.jar:/Users/rose/Users/work/maven/repository/io/netty/netty-codec/4.1.45.Final/netty-codec-4.1.45.Final.jar:/Users/rose/Users/work/maven/repository/com/alibaba/csp/sentinel-cluster-client-default/1.6.3/sentinel-cluster-client-default-1.6.3.jar:/Users/rose/Users/work/maven/repository/com/alibaba/cloud/spring-cloud-alibaba-sentinel-datasource/2.1.0.RELEASE/spring-cloud-alibaba-sentinel-datasource-2.1.0.RELEASE.jar:/Users/rose/Users/work/maven/repository/com/baomidou/mybatis-plus-boot-starter/3.3.2/mybatis-plus-boot-starter-3.3.2.jar:/Users/rose/Users/work/maven/repository/com/baomidou/mybatis-plus/3.3.2/mybatis-plus-3.3.2.jar:/Users/rose/Users/work/maven/repository/com/baomidou/mybatis-plus-extension/3.3.2/mybatis-plus-extension-3.3.2.jar:/Users/rose/Users/work/maven/repository/com/baomidou/mybatis-plus-core/3.3.2/mybatis-plus-core-3.3.2.jar:/Users/rose/Users/work/maven/repository/com/baomidou/mybatis-plus-annotation/3.3.2/mybatis-plus-annotation-3.3.2.jar:/Users/rose/Users/work/maven/repository/com/github/jsqlparser/jsqlparser/3.1/jsqlparser-3.1.jar:/Users/rose/Users/work/maven/repository/org/mybatis/mybatis/3.5.4/mybatis-3.5.4.jar:/Users/rose/Users/work/maven/repository/org/mybatis/mybatis-spring/2.0.4/mybatis-spring-2.0.4.jar:/Users/rose/Users/work/maven/repository/org/springframework/boot/spring-boot-starter-jdbc/2.2.5.RELEASE/spring-boot-starter-jdbc-2.2.5.RELEASE.jar:/Users/rose/Users/work/maven/repository/com/zaxxer/HikariCP/3.4.2/HikariCP-3.4.2.jar:/Users/rose/Users/work/maven/repository/org/springframework/spring-jdbc/5.2.4.RELEASE/spring-jdbc-5.2.4.RELEASE.jar:/Users/rose/Users/work/maven/repository/org/springframework/spring-tx/5.2.4.RELEASE/spring-tx-5.2.4.RELEASE.jar:/Users/rose/Users/work/maven/repository/org/projectlombok/lombok/1.18.12/lombok-1.18.12.jar:/Users/rose/Users/work/maven/repository/org/apache/httpcomponents/httpcore/4.4.13/httpcore-4.4.13.jar:/Users/rose/Users/work/maven/repository/commons-lang/commons-lang/2.6/commons-lang-2.6.jar:/Users/rose/Users/work/maven/repository/mysql/mysql-connector-java/8.0.19/mysql-connector-java-8.0.19.jar:/Users/rose/Users/work/maven/repository/com/alibaba/cloud/spring-cloud-starter-alibaba-nacos-discovery/2.2.0.RELEASE/spring-cloud-starter-alibaba-nacos-discovery-2.2.0.RELEASE.jar:/Users/rose/Users/work/maven/repository/com/alibaba/cloud/spring-cloud-alibaba-nacos-discovery/2.2.0.RELEASE/spring-cloud-alibaba-nacos-discovery-2.2.0.RELEASE.jar:/Users/rose/Users/work/maven/repository/com/alibaba/nacos/nacos-client/1.1.4/nacos-client-1.1.4.jar:/Users/rose/Users/work/maven/repository/com/alibaba/nacos/nacos-common/1.1.4/nacos-common-1.1.4.jar:/Users/rose/Users/work/maven/repository/org/apache/commons/commons-lang3/3.9/commons-lang3-3.9.jar:/Users/rose/Users/work/maven/repository/com/alibaba/nacos/nacos-api/1.1.4/nacos-api-1.1.4.jar:/Users/rose/Users/work/maven/repository/commons-codec/commons-codec/1.13/commons-codec-1.13.jar:/Users/rose/Users/work/maven/repository/io/prometheus/simpleclient/0.5.0/simpleclient-0.5.0.jar:/Users/rose/Users/work/maven/repository/com/alibaba/spring/spring-context-support/1.0.5/spring-context-support-1.0.5.jar:/Users/rose/Users/work/maven/repository/org/springframework/cloud/spring-cloud-starter-netflix-ribbon/2.2.2.RELEASE/spring-cloud-starter-netflix-ribbon-2.2.2.RELEASE.jar:/Users/rose/Users/work/maven/repository/org/springframework/cloud/spring-cloud-starter-netflix-archaius/2.2.2.RELEASE/spring-cloud-starter-netflix-archaius-2.2.2.RELEASE.jar:/Users/rose/Users/work/maven/repository/com/netflix/ribbon/ribbon/2.3.0/ribbon-2.3.0.jar:/Users/rose/Users/work/maven/repository/com/netflix/ribbon/ribbon-transport/2.3.0/ribbon-transport-2.3.0.jar:/Users/rose/Users/work/maven/repository/io/reactivex/rxnetty-contexts/0.4.9/rxnetty-contexts-0.4.9.jar:/Users/rose/Users/work/maven/repository/io/reactivex/rxnetty-servo/0.4.9/rxnetty-servo-0.4.9.jar:/Users/rose/Users/work/maven/repository/javax/inject/javax.inject/1/javax.inject-1.jar:/Users/rose/Users/work/maven/repository/io/reactivex/rxnetty/0.4.9/rxnetty-0.4.9.jar:/Users/rose/Users/work/maven/repository/com/netflix/ribbon/ribbon-core/2.3.0/ribbon-core-2.3.0.jar:/Users/rose/Users/work/maven/repository/com/netflix/ribbon/ribbon-httpclient/2.3.0/ribbon-httpclient-2.3.0.jar:/Users/rose/Users/work/maven/repository/commons-collections/commons-collections/3.2.2/commons-collections-3.2.2.jar:/Users/rose/Users/work/maven/repository/org/apache/httpcomponents/httpclient/4.5.11/httpclient-4.5.11.jar:/Users/rose/Users/work/maven/repository/com/sun/jersey/jersey-client/1.19.1/jersey-client-1.19.1.jar:/Users/rose/Users/work/maven/repository/com/sun/jersey/jersey-core/1.19.1/jersey-core-1.19.1.jar:/Users/rose/Users/work/maven/repository/javax/ws/rs/jsr311-api/1.1.1/jsr311-api-1.1.1.jar:/Users/rose/Users/work/maven/repository/com/sun/jersey/contribs/jersey-apache-client4/1.19.1/jersey-apache-client4-1.19.1.jar:/Users/rose/Users/work/maven/repository/com/netflix/servo/servo-core/0.12.21/servo-core-0.12.21.jar:/Users/rose/Users/work/maven/repository/com/netflix/netflix-commons/netflix-commons-util/0.3.0/netflix-commons-util-0.3.0.jar:/Users/rose/Users/work/maven/repository/com/netflix/ribbon/ribbon-loadbalancer/2.3.0/ribbon-loadbalancer-2.3.0.jar:/Users/rose/Users/work/maven/repository/com/netflix/netflix-commons/netflix-statistics/0.1.1/netflix-statistics-0.1.1.jar:/Users/rose/Users/work/maven/repository/com/alibaba/cloud/spring-cloud-starter-alibaba-nacos-config/2.2.0.RELEASE/spring-cloud-starter-alibaba-nacos-config-2.2.0.RELEASE.jar:/Users/rose/Users/work/maven/repository/com/alibaba/cloud/spring-cloud-alibaba-nacos-config/2.2.0.RELEASE/spring-cloud-alibaba-nacos-config-2.2.0.RELEASE.jar:/Users/rose/Users/work/maven/repository/javax/validation/validation-api/2.0.1.Final/validation-api-2.0.1.Final.jar:"/>
    <property name="java.vm.vendor" value="Oracle Corporation"/>
    <property name="sun.arch.data.model" value="64"/>
    <property name="java.vendor.url" value="http://java.oracle.com/"/>
    <property name="user.timezone" value=""/>
    <property name="java.vm.specification.version" value="1.8"/>
    <property name="os.name" value="Mac OS X"/>
    <property name="user.country" value="CN"/>
    <property name="sun.java.launcher" value="SUN_STANDARD"/>
    <property name="sun.boot.library.path" value="/Library/Java/JavaVirtualMachines/jdk1.8.0_251.jdk/Contents/Home/jre/lib"/>
    <property name="sun.java.command" value="/Users/rose/Desktop/谷粒/B站【谷粒商城】资料/mall-mall-v2/mall-coupon/target/surefire/surefirebooter6567216671725756392.jar /Users/rose/Desktop/谷粒/B站【谷粒商城】资料/mall-mall-v2/mall-coupon/target/surefire 2020-10-28T03-50-06_810-jvmRun1 surefire4409638413816365987tmp surefire_06078593409778126092tmp"/>
    <property name="http.nonProxyHosts" value="local|*.local|169.254/16|*.169.254/16"/>
    <property name="surefire.test.class.path" value="/Users/rose/Desktop/谷粒/B站【谷粒商城】资料/mall-mall-v2/mall-coupon/target/test-classes:/Users/rose/Desktop/谷粒/B站【谷粒商城】资料/mall-mall-v2/mall-coupon/target/classes:/Users/rose/Users/work/maven/repository/org/springframework/cloud/spring-cloud-starter-zipkin/2.1.0.RELEASE/spring-cloud-starter-zipkin-2.1.0.RELEASE.jar:/Users/rose/Users/work/maven/repository/org/springframework/cloud/spring-cloud-starter-sleuth/2.2.2.RELEASE/spring-cloud-starter-sleuth-2.2.2.RELEASE.jar:/Users/rose/Users/work/maven/repository/org/springframework/boot/spring-boot-starter-aop/2.2.5.RELEASE/spring-boot-starter-aop-2.2.5.RELEASE.jar:/Users/rose/Users/work/maven/repository/org/aspectj/aspectjweaver/1.9.5/aspectjweaver-1.9.5.jar:/Users/rose/Users/work/maven/repository/org/springframework/cloud/spring-cloud-sleuth-core/2.2.2.RELEASE/spring-cloud-sleuth-core-2.2.2.RELEASE.jar:/Users/rose/Users/work/maven/repository/org/aspectj/aspectjrt/1.9.5/aspectjrt-1.9.5.jar:/Users/rose/Users/work/maven/repository/io/zipkin/brave/brave/5.10.1/brave-5.10.1.jar:/Users/rose/Users/work/maven/repository/io/zipkin/brave/brave-context-log4j2/5.10.1/brave-context-log4j2-5.10.1.jar:/Users/rose/Users/work/maven/repository/io/zipkin/brave/brave-instrumentation-messaging/5.10.1/brave-instrumentation-messaging-5.10.1.jar:/Users/rose/Users/work/maven/repository/io/zipkin/brave/brave-instrumentation-rpc/5.10.1/brave-instrumentation-rpc-5.10.1.jar:/Users/rose/Users/work/maven/repository/io/zipkin/brave/brave-instrumentation-spring-web/5.10.1/brave-instrumentation-spring-web-5.10.1.jar:/Users/rose/Users/work/maven/repository/io/zipkin/brave/brave-instrumentation-http/5.10.1/brave-instrumentation-http-5.10.1.jar:/Users/rose/Users/work/maven/repository/io/zipkin/brave/brave-instrumentation-spring-rabbit/5.10.1/brave-instrumentation-spring-rabbit-5.10.1.jar:/Users/rose/Users/work/maven/repository/io/zipkin/brave/brave-instrumentation-kafka-clients/5.10.1/brave-instrumentation-kafka-clients-5.10.1.jar:/Users/rose/Users/work/maven/repository/io/zipkin/brave/brave-instrumentation-kafka-streams/5.10.1/brave-instrumentation-kafka-streams-5.10.1.jar:/Users/rose/Users/work/maven/repository/io/zipkin/brave/brave-instrumentation-httpclient/5.10.1/brave-instrumentation-httpclient-5.10.1.jar:/Users/rose/Users/work/maven/repository/io/zipkin/brave/brave-instrumentation-httpasyncclient/5.10.1/brave-instrumentation-httpasyncclient-5.10.1.jar:/Users/rose/Users/work/maven/repository/io/zipkin/brave/brave-instrumentation-spring-webmvc/5.10.1/brave-instrumentation-spring-webmvc-5.10.1.jar:/Users/rose/Users/work/maven/repository/io/zipkin/brave/brave-instrumentation-servlet/5.10.1/brave-instrumentation-servlet-5.10.1.jar:/Users/rose/Users/work/maven/repository/io/zipkin/brave/brave-instrumentation-jms/5.10.1/brave-instrumentation-jms-5.10.1.jar:/Users/rose/Users/work/maven/repository/io/zipkin/reporter2/zipkin-reporter-metrics-micrometer/2.12.1/zipkin-reporter-metrics-micrometer-2.12.1.jar:/Users/rose/Users/work/maven/repository/org/springframework/cloud/spring-cloud-sleuth-zipkin/2.2.2.RELEASE/spring-cloud-sleuth-zipkin-2.2.2.RELEASE.jar:/Users/rose/Users/work/maven/repository/io/zipkin/zipkin2/zipkin/2.19.3/zipkin-2.19.3.jar:/Users/rose/Users/work/maven/repository/io/zipkin/reporter2/zipkin-reporter/2.12.1/zipkin-reporter-2.12.1.jar:/Users/rose/Users/work/maven/repository/io/zipkin/reporter2/zipkin-sender-kafka/2.12.1/zipkin-sender-kafka-2.12.1.jar:/Users/rose/Users/work/maven/repository/io/zipkin/reporter2/zipkin-sender-activemq-client/2.12.1/zipkin-sender-activemq-client-2.12.1.jar:/Users/rose/Users/work/maven/repository/io/zipkin/reporter2/zipkin-sender-amqp-client/2.12.1/zipkin-sender-amqp-client-2.12.1.jar:/Users/rose/Users/work/maven/repository/org/springframework/boot/spring-boot-starter-actuator/2.1.0.RELEASE/spring-boot-starter-actuator-2.1.0.RELEASE.jar:/Users/rose/Users/work/maven/repository/org/springframework/boot/spring-boot-starter/2.2.5.RELEASE/spring-boot-starter-2.2.5.RELEASE.jar:/Users/rose/Users/work/maven/repository/org/springframework/boot/spring-boot/2.2.5.RELEASE/spring-boot-2.2.5.RELEASE.jar:/Users/rose/Users/work/maven/repository/org/springframework/boot/spring-boot-autoconfigure/2.2.5.RELEASE/spring-boot-autoconfigure-2.2.5.RELEASE.jar:/Users/rose/Users/work/maven/repository/org/springframework/boot/spring-boot-starter-logging/2.2.5.RELEASE/spring-boot-starter-logging-2.2.5.RELEASE.jar:/Users/rose/Users/work/maven/repository/ch/qos/logback/logback-classic/1.2.3/logback-classic-1.2.3.jar:/Users/rose/Users/work/maven/repository/ch/qos/logback/logback-core/1.2.3/logback-core-1.2.3.jar:/Users/rose/Users/work/maven/repository/org/apache/logging/log4j/log4j-to-slf4j/2.12.1/log4j-to-slf4j-2.12.1.jar:/Users/rose/Users/work/maven/repository/org/apache/logging/log4j/log4j-api/2.12.1/log4j-api-2.12.1.jar:/Users/rose/Users/work/maven/repository/org/slf4j/jul-to-slf4j/1.7.30/jul-to-slf4j-1.7.30.jar:/Users/rose/Users/work/maven/repository/jakarta/annotation/jakarta.annotation-api/1.3.5/jakarta.annotation-api-1.3.5.jar:/Users/rose/Users/work/maven/repository/org/yaml/snakeyaml/1.25/snakeyaml-1.25.jar:/Users/rose/Users/work/maven/repository/org/springframework/boot/spring-boot-actuator-autoconfigure/2.2.5.RELEASE/spring-boot-actuator-autoconfigure-2.2.5.RELEASE.jar:/Users/rose/Users/work/maven/repository/org/springframework/boot/spring-boot-actuator/2.2.5.RELEASE/spring-boot-actuator-2.2.5.RELEASE.jar:/Users/rose/Users/work/maven/repository/com/fasterxml/jackson/core/jackson-databind/2.10.2/jackson-databind-2.10.2.jar:/Users/rose/Users/work/maven/repository/com/fasterxml/jackson/core/jackson-annotations/2.10.2/jackson-annotations-2.10.2.jar:/Users/rose/Users/work/maven/repository/com/fasterxml/jackson/core/jackson-core/2.10.2/jackson-core-2.10.2.jar:/Users/rose/Users/work/maven/repository/org/springframework/spring-context/5.2.4.RELEASE/spring-context-5.2.4.RELEASE.jar:/Users/rose/Users/work/maven/repository/com/fasterxml/jackson/datatype/jackson-datatype-jsr310/2.10.2/jackson-datatype-jsr310-2.10.2.jar:/Users/rose/Users/work/maven/repository/io/micrometer/micrometer-core/1.3.5/micrometer-core-1.3.5.jar:/Users/rose/Users/work/maven/repository/org/hdrhistogram/HdrHistogram/2.1.11/HdrHistogram-2.1.11.jar:/Users/rose/Users/work/maven/repository/org/latencyutils/LatencyUtils/2.0.3/LatencyUtils-2.0.3.jar:/Users/rose/Users/work/maven/repository/org/springframework/boot/spring-boot-starter-web/2.2.5.RELEASE/spring-boot-starter-web-2.2.5.RELEASE.jar:/Users/rose/Users/work/maven/repository/org/springframework/boot/spring-boot-starter-json/2.2.5.RELEASE/spring-boot-starter-json-2.2.5.RELEASE.jar:/Users/rose/Users/work/maven/repository/com/fasterxml/jackson/datatype/jackson-datatype-jdk8/2.10.2/jackson-datatype-jdk8-2.10.2.jar:/Users/rose/Users/work/maven/repository/com/fasterxml/jackson/module/jackson-module-parameter-names/2.10.2/jackson-module-parameter-names-2.10.2.jar:/Users/rose/Users/work/maven/repository/org/springframework/boot/spring-boot-starter-tomcat/2.2.5.RELEASE/spring-boot-starter-tomcat-2.2.5.RELEASE.jar:/Users/rose/Users/work/maven/repository/org/apache/tomcat/embed/tomcat-embed-core/9.0.31/tomcat-embed-core-9.0.31.jar:/Users/rose/Users/work/maven/repository/org/apache/tomcat/embed/tomcat-embed-el/9.0.31/tomcat-embed-el-9.0.31.jar:/Users/rose/Users/work/maven/repository/org/apache/tomcat/embed/tomcat-embed-websocket/9.0.31/tomcat-embed-websocket-9.0.31.jar:/Users/rose/Users/work/maven/repository/org/springframework/boot/spring-boot-starter-validation/2.2.5.RELEASE/spring-boot-starter-validation-2.2.5.RELEASE.jar:/Users/rose/Users/work/maven/repository/jakarta/validation/jakarta.validation-api/2.0.2/jakarta.validation-api-2.0.2.jar:/Users/rose/Users/work/maven/repository/org/hibernate/validator/hibernate-validator/6.0.18.Final/hibernate-validator-6.0.18.Final.jar:/Users/rose/Users/work/maven/repository/org/jboss/logging/jboss-logging/3.4.1.Final/jboss-logging-3.4.1.Final.jar:/Users/rose/Users/work/maven/repository/com/fasterxml/classmate/1.5.1/classmate-1.5.1.jar:/Users/rose/Users/work/maven/repository/org/springframework/spring-web/5.2.4.RELEASE/spring-web-5.2.4.RELEASE.jar:/Users/rose/Users/work/maven/repository/org/springframework/spring-beans/5.2.4.RELEASE/spring-beans-5.2.4.RELEASE.jar:/Users/rose/Users/work/maven/repository/org/springframework/spring-webmvc/5.2.4.RELEASE/spring-webmvc-5.2.4.RELEASE.jar:/Users/rose/Users/work/maven/repository/org/springframework/spring-aop/5.2.4.RELEASE/spring-aop-5.2.4.RELEASE.jar:/Users/rose/Users/work/maven/repository/org/springframework/spring-expression/5.2.4.RELEASE/spring-expression-5.2.4.RELEASE.jar:/Users/rose/Users/work/maven/repository/org/springframework/cloud/spring-cloud-starter-openfeign/2.2.2.RELEASE/spring-cloud-starter-openfeign-2.2.2.RELEASE.jar:/Users/rose/Users/work/maven/repository/org/springframework/cloud/spring-cloud-starter/2.2.2.RELEASE/spring-cloud-starter-2.2.2.RELEASE.jar:/Users/rose/Users/work/maven/repository/org/springframework/cloud/spring-cloud-context/2.2.2.RELEASE/spring-cloud-context-2.2.2.RELEASE.jar:/Users/rose/Users/work/maven/repository/org/springframework/security/spring-security-rsa/1.0.9.RELEASE/spring-security-rsa-1.0.9.RELEASE.jar:/Users/rose/Users/work/maven/repository/org/bouncycastle/bcpkix-jdk15on/1.64/bcpkix-jdk15on-1.64.jar:/Users/rose/Users/work/maven/repository/org/bouncycastle/bcprov-jdk15on/1.64/bcprov-jdk15on-1.64.jar:/Users/rose/Users/work/maven/repository/org/springframework/cloud/spring-cloud-openfeign-core/2.2.2.RELEASE/spring-cloud-openfeign-core-2.2.2.RELEASE.jar:/Users/rose/Users/work/maven/repository/org/springframework/cloud/spring-cloud-netflix-ribbon/2.2.2.RELEASE/spring-cloud-netflix-ribbon-2.2.2.RELEASE.jar:/Users/rose/Users/work/maven/repository/org/springframework/cloud/spring-cloud-netflix-archaius/2.2.2.RELEASE/spring-cloud-netflix-archaius-2.2.2.RELEASE.jar:/Users/rose/Users/work/maven/repository/io/github/openfeign/form/feign-form-spring/3.8.0/feign-form-spring-3.8.0.jar:/Users/rose/Users/work/maven/repository/io/github/openfeign/form/feign-form/3.8.0/feign-form-3.8.0.jar:/Users/rose/Users/work/maven/repository/commons-fileupload/commons-fileupload/1.4/commons-fileupload-1.4.jar:/Users/rose/Users/work/maven/repository/commons-io/commons-io/2.2/commons-io-2.2.jar:/Users/rose/Users/work/maven/repository/org/springframework/cloud/spring-cloud-commons/2.2.2.RELEASE/spring-cloud-commons-2.2.2.RELEASE.jar:/Users/rose/Users/work/maven/repository/org/springframework/security/spring-security-crypto/5.2.2.RELEASE/spring-security-crypto-5.2.2.RELEASE.jar:/Users/rose/Users/work/maven/repository/io/github/openfeign/feign-core/10.7.4/feign-core-10.7.4.jar:/Users/rose/Users/work/maven/repository/io/github/openfeign/feign-slf4j/10.7.4/feign-slf4j-10.7.4.jar:/Users/rose/Users/work/maven/repository/org/slf4j/slf4j-api/1.7.30/slf4j-api-1.7.30.jar:/Users/rose/Users/work/maven/repository/io/github/openfeign/feign-hystrix/10.7.4/feign-hystrix-10.7.4.jar:/Users/rose/Users/work/maven/repository/com/netflix/archaius/archaius-core/0.7.6/archaius-core-0.7.6.jar:/Users/rose/Users/work/maven/repository/com/google/code/findbugs/jsr305/3.0.1/jsr305-3.0.1.jar:/Users/rose/Users/work/maven/repository/commons-configuration/commons-configuration/1.8/commons-configuration-1.8.jar:/Users/rose/Users/work/maven/repository/com/google/guava/guava/28.2-android/guava-28.2-android.jar:/Users/rose/Users/work/maven/repository/com/google/guava/failureaccess/1.0.1/failureaccess-1.0.1.jar:/Users/rose/Users/work/maven/repository/com/google/guava/listenablefuture/9999.0-empty-to-avoid-conflict-with-guava/listenablefuture-9999.0-empty-to-avoid-conflict-with-guava.jar:/Users/rose/Users/work/maven/repository/org/checkerframework/checker-compat-qual/2.5.5/checker-compat-qual-2.5.5.jar:/Users/rose/Users/work/maven/repository/com/google/errorprone/error_prone_annotations/2.3.4/error_prone_annotations-2.3.4.jar:/Users/rose/Users/work/maven/repository/com/google/j2objc/j2objc-annotations/1.3/j2objc-annotations-1.3.jar:/Users/rose/Users/work/maven/repository/com/netflix/hystrix/hystrix-core/1.5.18/hystrix-core-1.5.18.jar:/Users/rose/Users/work/maven/repository/io/reactivex/rxjava/1.3.8/rxjava-1.3.8.jar:/Users/rose/Users/work/maven/repository/org/springframework/boot/spring-boot-starter-test/2.2.5.RELEASE/spring-boot-starter-test-2.2.5.RELEASE.jar:/Users/rose/Users/work/maven/repository/org/springframework/boot/spring-boot-test/2.2.5.RELEASE/spring-boot-test-2.2.5.RELEASE.jar:/Users/rose/Users/work/maven/repository/org/springframework/boot/spring-boot-test-autoconfigure/2.2.5.RELEASE/spring-boot-test-autoconfigure-2.2.5.RELEASE.jar:/Users/rose/Users/work/maven/repository/com/jayway/jsonpath/json-path/2.4.0/json-path-2.4.0.jar:/Users/rose/Users/work/maven/repository/net/minidev/json-smart/2.3/json-smart-2.3.jar:/Users/rose/Users/work/maven/repository/net/minidev/accessors-smart/1.2/accessors-smart-1.2.jar:/Users/rose/Users/work/maven/repository/org/ow2/asm/asm/5.0.4/asm-5.0.4.jar:/Users/rose/Users/work/maven/repository/jakarta/xml/bind/jakarta.xml.bind-api/2.3.2/jakarta.xml.bind-api-2.3.2.jar:/Users/rose/Users/work/maven/repository/jakarta/activation/jakarta.activation-api/1.2.2/jakarta.activation-api-1.2.2.jar:/Users/rose/Users/work/maven/repository/org/junit/jupiter/junit-jupiter/5.5.2/junit-jupiter-5.5.2.jar:/Users/rose/Users/work/maven/repository/org/junit/jupiter/junit-jupiter-api/5.5.2/junit-jupiter-api-5.5.2.jar:/Users/rose/Users/work/maven/repository/org/apiguardian/apiguardian-api/1.1.0/apiguardian-api-1.1.0.jar:/Users/rose/Users/work/maven/repository/org/opentest4j/opentest4j/1.2.0/opentest4j-1.2.0.jar:/Users/rose/Users/work/maven/repository/org/junit/platform/junit-platform-commons/1.5.2/junit-platform-commons-1.5.2.jar:/Users/rose/Users/work/maven/repository/org/junit/jupiter/junit-jupiter-params/5.5.2/junit-jupiter-params-5.5.2.jar:/Users/rose/Users/work/maven/repository/org/junit/jupiter/junit-jupiter-engine/5.5.2/junit-jupiter-engine-5.5.2.jar:/Users/rose/Users/work/maven/repository/org/junit/platform/junit-platform-engine/1.5.2/junit-platform-engine-1.5.2.jar:/Users/rose/Users/work/maven/repository/org/mockito/mockito-junit-jupiter/3.1.0/mockito-junit-jupiter-3.1.0.jar:/Users/rose/Users/work/maven/repository/org/assertj/assertj-core/3.13.2/assertj-core-3.13.2.jar:/Users/rose/Users/work/maven/repository/org/hamcrest/hamcrest/2.1/hamcrest-2.1.jar:/Users/rose/Users/work/maven/repository/org/mockito/mockito-core/3.1.0/mockito-core-3.1.0.jar:/Users/rose/Users/work/maven/repository/net/bytebuddy/byte-buddy/1.10.8/byte-buddy-1.10.8.jar:/Users/rose/Users/work/maven/repository/net/bytebuddy/byte-buddy-agent/1.10.8/byte-buddy-agent-1.10.8.jar:/Users/rose/Users/work/maven/repository/org/objenesis/objenesis/2.6/objenesis-2.6.jar:/Users/rose/Users/work/maven/repository/org/skyscreamer/jsonassert/1.5.0/jsonassert-1.5.0.jar:/Users/rose/Users/work/maven/repository/com/vaadin/external/google/android-json/0.0.20131108.vaadin1/android-json-0.0.20131108.vaadin1.jar:/Users/rose/Users/work/maven/repository/org/springframework/spring-core/5.2.4.RELEASE/spring-core-5.2.4.RELEASE.jar:/Users/rose/Users/work/maven/repository/org/springframework/spring-jcl/5.2.4.RELEASE/spring-jcl-5.2.4.RELEASE.jar:/Users/rose/Users/work/maven/repository/org/springframework/spring-test/5.2.4.RELEASE/spring-test-5.2.4.RELEASE.jar:/Users/rose/Users/work/maven/repository/org/xmlunit/xmlunit-core/2.6.3/xmlunit-core-2.6.3.jar:/Users/rose/Desktop/谷粒/B站【谷粒商城】资料/mall-mall-v2/mall-common/target/mall-common-1.0-SNAPSHOT.jar:/Users/rose/Users/work/maven/repository/com/alibaba/cloud/spring-cloud-starter-alibaba-sentinel/2.1.0.RELEASE/spring-cloud-starter-alibaba-sentinel-2.1.0.RELEASE.jar:/Users/rose/Users/work/maven/repository/com/alibaba/cloud/spring-cloud-alibaba-sentinel/2.1.0.RELEASE/spring-cloud-alibaba-sentinel-2.1.0.RELEASE.jar:/Users/rose/Users/work/maven/repository/com/alibaba/csp/sentinel-transport-simple-http/1.6.3/sentinel-transport-simple-http-1.6.3.jar:/Users/rose/Users/work/maven/repository/com/alibaba/csp/sentinel-transport-common/1.6.3/sentinel-transport-common-1.6.3.jar:/Users/rose/Users/work/maven/repository/com/alibaba/csp/sentinel-datasource-extension/1.6.3/sentinel-datasource-extension-1.6.3.jar:/Users/rose/Users/work/maven/repository/com/alibaba/fastjson/1.2.56/fastjson-1.2.56.jar:/Users/rose/Users/work/maven/repository/com/alibaba/csp/sentinel-annotation-aspectj/1.6.3/sentinel-annotation-aspectj-1.6.3.jar:/Users/rose/Users/work/maven/repository/com/alibaba/csp/sentinel-core/1.6.3/sentinel-core-1.6.3.jar:/Users/rose/Users/work/maven/repository/com/alibaba/csp/sentinel-web-servlet/1.6.3/sentinel-web-servlet-1.6.3.jar:/Users/rose/Users/work/maven/repository/com/alibaba/csp/sentinel-spring-webflux-adapter/1.6.3/sentinel-spring-webflux-adapter-1.6.3.jar:/Users/rose/Users/work/maven/repository/com/alibaba/csp/sentinel-reactor-adapter/1.6.3/sentinel-reactor-adapter-1.6.3.jar:/Users/rose/Users/work/maven/repository/com/alibaba/csp/sentinel-parameter-flow-control/1.6.3/sentinel-parameter-flow-control-1.6.3.jar:/Users/rose/Users/work/maven/repository/com/googlecode/concurrentlinkedhashmap/concurrentlinkedhashmap-lru/1.4.2/concurrentlinkedhashmap-lru-1.4.2.jar:/Users/rose/Users/work/maven/repository/com/alibaba/csp/sentinel-cluster-server-default/1.6.3/sentinel-cluster-server-default-1.6.3.jar:/Users/rose/Users/work/maven/repository/com/alibaba/csp/sentinel-cluster-common-default/1.6.3/sentinel-cluster-common-default-1.6.3.jar:/Users/rose/Users/work/maven/repository/io/netty/netty-handler/4.1.45.Final/netty-handler-4.1.45.Final.jar:/Users/rose/Users/work/maven/repository/io/netty/netty-common/4.1.45.Final/netty-common-4.1.45.Final.jar:/Users/rose/Users/work/maven/repository/io/netty/netty-buffer/4.1.45.Final/netty-buffer-4.1.45.Final.jar:/Users/rose/Users/work/maven/repository/io/netty/netty-transport/4.1.45.Final/netty-transport-4.1.45.Final.jar:/Users/rose/Users/work/maven/repository/io/netty/netty-resolver/4.1.45.Final/netty-resolver-4.1.45.Final.jar:/Users/rose/Users/work/maven/repository/io/netty/netty-codec/4.1.45.Final/netty-codec-4.1.45.Final.jar:/Users/rose/Users/work/maven/repository/com/alibaba/csp/sentinel-cluster-client-default/1.6.3/sentinel-cluster-client-default-1.6.3.jar:/Users/rose/Users/work/maven/repository/com/alibaba/cloud/spring-cloud-alibaba-sentinel-datasource/2.1.0.RELEASE/spring-cloud-alibaba-sentinel-datasource-2.1.0.RELEASE.jar:/Users/rose/Users/work/maven/repository/com/baomidou/mybatis-plus-boot-starter/3.3.2/mybatis-plus-boot-starter-3.3.2.jar:/Users/rose/Users/work/maven/repository/com/baomidou/mybatis-plus/3.3.2/mybatis-plus-3.3.2.jar:/Users/rose/Users/work/maven/repository/com/baomidou/mybatis-plus-extension/3.3.2/mybatis-plus-extension-3.3.2.jar:/Users/rose/Users/work/maven/repository/com/baomidou/mybatis-plus-core/3.3.2/mybatis-plus-core-3.3.2.jar:/Users/rose/Users/work/maven/repository/com/baomidou/mybatis-plus-annotation/3.3.2/mybatis-plus-annotation-3.3.2.jar:/Users/rose/Users/work/maven/repository/com/github/jsqlparser/jsqlparser/3.1/jsqlparser-3.1.jar:/Users/rose/Users/work/maven/repository/org/mybatis/mybatis/3.5.4/mybatis-3.5.4.jar:/Users/rose/Users/work/maven/repository/org/mybatis/mybatis-spring/2.0.4/mybatis-spring-2.0.4.jar:/Users/rose/Users/work/maven/repository/org/springframework/boot/spring-boot-starter-jdbc/2.2.5.RELEASE/spring-boot-starter-jdbc-2.2.5.RELEASE.jar:/Users/rose/Users/work/maven/repository/com/zaxxer/HikariCP/3.4.2/HikariCP-3.4.2.jar:/Users/rose/Users/work/maven/repository/org/springframework/spring-jdbc/5.2.4.RELEASE/spring-jdbc-5.2.4.RELEASE.jar:/Users/rose/Users/work/maven/repository/org/springframework/spring-tx/5.2.4.RELEASE/spring-tx-5.2.4.RELEASE.jar:/Users/rose/Users/work/maven/repository/org/projectlombok/lombok/1.18.12/lombok-1.18.12.jar:/Users/rose/Users/work/maven/repository/org/apache/httpcomponents/httpcore/4.4.13/httpcore-4.4.13.jar:/Users/rose/Users/work/maven/repository/commons-lang/commons-lang/2.6/commons-lang-2.6.jar:/Users/rose/Users/work/maven/repository/mysql/mysql-connector-java/8.0.19/mysql-connector-java-8.0.19.jar:/Users/rose/Users/work/maven/repository/com/alibaba/cloud/spring-cloud-starter-alibaba-nacos-discovery/2.2.0.RELEASE/spring-cloud-starter-alibaba-nacos-discovery-2.2.0.RELEASE.jar:/Users/rose/Users/work/maven/repository/com/alibaba/cloud/spring-cloud-alibaba-nacos-discovery/2.2.0.RELEASE/spring-cloud-alibaba-nacos-discovery-2.2.0.RELEASE.jar:/Users/rose/Users/work/maven/repository/com/alibaba/nacos/nacos-client/1.1.4/nacos-client-1.1.4.jar:/Users/rose/Users/work/maven/repository/com/alibaba/nacos/nacos-common/1.1.4/nacos-common-1.1.4.jar:/Users/rose/Users/work/maven/repository/org/apache/commons/commons-lang3/3.9/commons-lang3-3.9.jar:/Users/rose/Users/work/maven/repository/com/alibaba/nacos/nacos-api/1.1.4/nacos-api-1.1.4.jar:/Users/rose/Users/work/maven/repository/commons-codec/commons-codec/1.13/commons-codec-1.13.jar:/Users/rose/Users/work/maven/repository/io/prometheus/simpleclient/0.5.0/simpleclient-0.5.0.jar:/Users/rose/Users/work/maven/repository/com/alibaba/spring/spring-context-support/1.0.5/spring-context-support-1.0.5.jar:/Users/rose/Users/work/maven/repository/org/springframework/cloud/spring-cloud-starter-netflix-ribbon/2.2.2.RELEASE/spring-cloud-starter-netflix-ribbon-2.2.2.RELEASE.jar:/Users/rose/Users/work/maven/repository/org/springframework/cloud/spring-cloud-starter-netflix-archaius/2.2.2.RELEASE/spring-cloud-starter-netflix-archaius-2.2.2.RELEASE.jar:/Users/rose/Users/work/maven/repository/com/netflix/ribbon/ribbon/2.3.0/ribbon-2.3.0.jar:/Users/rose/Users/work/maven/repository/com/netflix/ribbon/ribbon-transport/2.3.0/ribbon-transport-2.3.0.jar:/Users/rose/Users/work/maven/repository/io/reactivex/rxnetty-contexts/0.4.9/rxnetty-contexts-0.4.9.jar:/Users/rose/Users/work/maven/repository/io/reactivex/rxnetty-servo/0.4.9/rxnetty-servo-0.4.9.jar:/Users/rose/Users/work/maven/repository/javax/inject/javax.inject/1/javax.inject-1.jar:/Users/rose/Users/work/maven/repository/io/reactivex/rxnetty/0.4.9/rxnetty-0.4.9.jar:/Users/rose/Users/work/maven/repository/com/netflix/ribbon/ribbon-core/2.3.0/ribbon-core-2.3.0.jar:/Users/rose/Users/work/maven/repository/com/netflix/ribbon/ribbon-httpclient/2.3.0/ribbon-httpclient-2.3.0.jar:/Users/rose/Users/work/maven/repository/commons-collections/commons-collections/3.2.2/commons-collections-3.2.2.jar:/Users/rose/Users/work/maven/repository/org/apache/httpcomponents/httpclient/4.5.11/httpclient-4.5.11.jar:/Users/rose/Users/work/maven/repository/com/sun/jersey/jersey-client/1.19.1/jersey-client-1.19.1.jar:/Users/rose/Users/work/maven/repository/com/sun/jersey/jersey-core/1.19.1/jersey-core-1.19.1.jar:/Users/rose/Users/work/maven/repository/javax/ws/rs/jsr311-api/1.1.1/jsr311-api-1.1.1.jar:/Users/rose/Users/work/maven/repository/com/sun/jersey/contribs/jersey-apache-client4/1.19.1/jersey-apache-client4-1.19.1.jar:/Users/rose/Users/work/maven/repository/com/netflix/servo/servo-core/0.12.21/servo-core-0.12.21.jar:/Users/rose/Users/work/maven/repository/com/netflix/netflix-commons/netflix-commons-util/0.3.0/netflix-commons-util-0.3.0.jar:/Users/rose/Users/work/maven/repository/com/netflix/ribbon/ribbon-loadbalancer/2.3.0/ribbon-loadbalancer-2.3.0.jar:/Users/rose/Users/work/maven/repository/com/netflix/netflix-commons/netflix-statistics/0.1.1/netflix-statistics-0.1.1.jar:/Users/rose/Users/work/maven/repository/com/alibaba/cloud/spring-cloud-starter-alibaba-nacos-config/2.2.0.RELEASE/spring-cloud-starter-alibaba-nacos-config-2.2.0.RELEASE.jar:/Users/rose/Users/work/maven/repository/com/alibaba/cloud/spring-cloud-alibaba-nacos-config/2.2.0.RELEASE/spring-cloud-alibaba-nacos-config-2.2.0.RELEASE.jar:/Users/rose/Users/work/maven/repository/javax/validation/validation-api/2.0.1.Final/validation-api-2.0.1.Final.jar:"/>
    <property name="sun.cpu.endian" value="little"/>
    <property name="user.home" value="/Users/rose"/>
    <property name="user.language" value="zh"/>
    <property name="java.specification.vendor" value="Oracle Corporation"/>
    <property name="java.home" value="/Library/Java/JavaVirtualMachines/jdk1.8.0_251.jdk/Contents/Home/jre"/>
    <property name="basedir" value="/Users/rose/Desktop/谷粒/B站【谷粒商城】资料/mall-mall-v2/mall-coupon"/>
    <property name="file.separator" value="/"/>
    <property name="line.separator" value="&#10;"/>
    <property name="java.vm.specification.vendor" value="Oracle Corporation"/>
    <property name="java.specification.name" value="Java Platform API Specification"/>
    <property name="java.awt.graphicsenv" value="sun.awt.CGraphicsEnvironment"/>
    <property name="idea.version2020.1.1" value="true"/>
    <property name="surefire.real.class.path" value="/Users/rose/Desktop/谷粒/B站【谷粒商城】资料/mall-mall-v2/mall-coupon/target/surefire/surefirebooter6567216671725756392.jar"/>
    <property name="sun.boot.class.path" value="/Library/Java/JavaVirtualMachines/jdk1.8.0_251.jdk/Contents/Home/jre/lib/resources.jar:/Library/Java/JavaVirtualMachines/jdk1.8.0_251.jdk/Contents/Home/jre/lib/rt.jar:/Library/Java/JavaVirtualMachines/jdk1.8.0_251.jdk/Contents/Home/jre/lib/sunrsasign.jar:/Library/Java/JavaVirtualMachines/jdk1.8.0_251.jdk/Contents/Home/jre/lib/jsse.jar:/Library/Java/JavaVirtualMachines/jdk1.8.0_251.jdk/Contents/Home/jre/lib/jce.jar:/Library/Java/JavaVirtualMachines/jdk1.8.0_251.jdk/Contents/Home/jre/lib/charsets.jar:/Library/Java/JavaVirtualMachines/jdk1.8.0_251.jdk/Contents/Home/jre/lib/jfr.jar:/Library/Java/JavaVirtualMachines/jdk1.8.0_251.jdk/Contents/Home/jre/classes"/>
    <property name="sun.management.compiler" value="HotSpot 64-Bit Tiered Compilers"/>
    <property name="ftp.nonProxyHosts" value="local|*.local|169.254/16|*.169.254/16"/>
    <property name="java.runtime.version" value="1.8.0_251-b08"/>
    <property name="user.name" value="rose"/>
    <property name="path.separator" value=":"/>
    <property name="os.version" value="10.15.5"/>
    <property name="java.endorsed.dirs" value="/Library/Java/JavaVirtualMachines/jdk1.8.0_251.jdk/Contents/Home/jre/lib/endorsed"/>
    <property name="java.runtime.name" value="Java(TM) SE Runtime Environment"/>
    <property name="file.encoding" value="UTF-8"/>
    <property name="java.vm.name" value="Java HotSpot(TM) 64-Bit Server VM"/>
    <property name="localRepository" value="/Users/rose/Users/work/maven/repository"/>
    <property name="java.vendor.url.bug" value="http://bugreport.sun.com/bugreport/"/>
    <property name="java.io.tmpdir" value="/var/folders/5_/bl4cm7lj1f3b24fhk4r0g7gc0000gn/T/"/>
    <property name="java.version" value="1.8.0_251"/>
    <property name="user.dir" value="/Users/rose/Desktop/谷粒/B站【谷粒商城】资料/mall-mall-v2/mall-coupon"/>
    <property name="os.arch" value="x86_64"/>
    <property name="java.vm.specification.name" value="Java Virtual Machine Specification"/>
    <property name="java.awt.printerjob" value="sun.lwawt.macosx.CPrinterJob"/>
    <property name="sun.os.patch.level" value="unknown"/>
    <property name="java.library.path" value="/Users/rose/Library/Java/Extensions:/Library/Java/Extensions:/Network/Library/Java/Extensions:/System/Library/Java/Extensions:/usr/lib/java:."/>
    <property name="java.vm.info" value="mixed mode"/>
    <property name="java.vendor" value="Oracle Corporation"/>
    <property name="java.vm.version" value="25.251-b08"/>
    <property name="java.ext.dirs" value="/Users/rose/Library/Java/Extensions:/Library/Java/JavaVirtualMachines/jdk1.8.0_251.jdk/Contents/Home/jre/lib/ext:/Library/Java/Extensions:/Network/Library/Java/Extensions:/System/Library/Java/Extensions:/usr/lib/java"/>
    <property name="sun.io.unicode.encoding" value="UnicodeBig"/>
    <property name="maven.repo.local" value="/Users/rose/Users/work/maven/repository"/>
    <property name="java.class.version" value="52.0"/>
    <property name="socksNonProxyHosts" value="local|*.local|169.254/16|*.169.254/16"/>
  </properties>
  <testcase name="contextLoads" classname="com.firenay.mall.coupon.MallCouponApplicationTests" time="0.009">
    <error message="Failed to load ApplicationContext" type="java.lang.IllegalStateException">java.lang.IllegalStateException: Failed to load ApplicationContext
Caused by: org.springframework.beans.factory.BeanCreationException: Error creating bean with name 'scopedTarget.couponController': Injection of autowired dependencies failed; nested exception is java.lang.IllegalArgumentException: Could not resolve placeholder 'coupon.user.name' in value "${coupon.user.name}"
Caused by: java.lang.IllegalArgumentException: Could not resolve placeholder 'coupon.user.name' in value "${coupon.user.name}"
</error>
    <system-out><![CDATA[03:50:09.624 [main] DEBUG org.springframework.test.context.BootstrapUtils - Instantiating CacheAwareContextLoaderDelegate from class [org.springframework.test.context.cache.DefaultCacheAwareContextLoaderDelegate]
03:50:09.677 [main] DEBUG org.springframework.test.context.BootstrapUtils - Instantiating BootstrapContext using constructor [public org.springframework.test.context.support.DefaultBootstrapContext(java.lang.Class,org.springframework.test.context.CacheAwareContextLoaderDelegate)]
03:50:09.785 [main] DEBUG org.springframework.test.context.BootstrapUtils - Instantiating TestContextBootstrapper for test class [com.firenay.mall.coupon.MallCouponApplicationTests] from class [org.springframework.boot.test.context.SpringBootTestContextBootstrapper]
03:50:09.826 [main] INFO org.springframework.boot.test.context.SpringBootTestContextBootstrapper - Neither @ContextConfiguration nor @ContextHierarchy found for test class [com.firenay.mall.coupon.MallCouponApplicationTests], using SpringBootContextLoader
03:50:09.836 [main] DEBUG org.springframework.test.context.support.AbstractContextLoader - Did not detect default resource location for test class [com.firenay.mall.coupon.MallCouponApplicationTests]: class path resource [com/firenay/mall/coupon/MallCouponApplicationTests-context.xml] does not exist
03:50:09.837 [main] DEBUG org.springframework.test.context.support.AbstractContextLoader - Did not detect default resource location for test class [com.firenay.mall.coupon.MallCouponApplicationTests]: class path resource [com/firenay/mall/coupon/MallCouponApplicationTestsContext.groovy] does not exist
03:50:09.838 [main] INFO org.springframework.test.context.support.AbstractContextLoader - Could not detect default resource locations for test class [com.firenay.mall.coupon.MallCouponApplicationTests]: no resource found for suffixes {-context.xml, Context.groovy}.
03:50:09.839 [main] INFO org.springframework.test.context.support.AnnotationConfigContextLoaderUtils - Could not detect default configuration classes for test class [com.firenay.mall.coupon.MallCouponApplicationTests]: MallCouponApplicationTests does not declare any static, non-private, non-final, nested classes annotated with @Configuration.
03:50:10.017 [main] DEBUG org.springframework.test.context.support.ActiveProfilesUtils - Could not find an 'annotation declaring class' for annotation type [org.springframework.test.context.ActiveProfiles] and class [com.firenay.mall.coupon.MallCouponApplicationTests]
03:50:10.259 [main] DEBUG org.springframework.context.annotation.ClassPathScanningCandidateComponentProvider - Identified candidate component class: file [/Users/rose/Desktop/谷粒/B站【谷粒商城】资料/mall-mall-v2/mall-coupon/target/classes/com/firenay/mall/coupon/MallCouponApplication.class]
03:50:10.261 [main] INFO org.springframework.boot.test.context.SpringBootTestContextBootstrapper - Found @SpringBootConfiguration com.firenay.mall.coupon.MallCouponApplication for test class com.firenay.mall.coupon.MallCouponApplicationTests
03:50:10.543 [main] DEBUG org.springframework.boot.test.context.SpringBootTestContextBootstrapper - @TestExecutionListeners is not present for class [com.firenay.mall.coupon.MallCouponApplicationTests]: using defaults.
03:50:10.544 [main] INFO org.springframework.boot.test.context.SpringBootTestContextBootstrapper - Loaded default TestExecutionListener class names from location [META-INF/spring.factories]: [org.springframework.boot.test.mock.mockito.MockitoTestExecutionListener, org.springframework.boot.test.mock.mockito.ResetMocksTestExecutionListener, org.springframework.boot.test.autoconfigure.restdocs.RestDocsTestExecutionListener, org.springframework.boot.test.autoconfigure.web.client.MockRestServiceServerResetTestExecutionListener, org.springframework.boot.test.autoconfigure.web.servlet.MockMvcPrintOnlyOnFailureTestExecutionListener, org.springframework.boot.test.autoconfigure.web.servlet.WebDriverTestExecutionListener, org.springframework.test.context.web.ServletTestExecutionListener, org.springframework.test.context.support.DirtiesContextBeforeModesTestExecutionListener, org.springframework.test.context.support.DependencyInjectionTestExecutionListener, org.springframework.test.context.support.DirtiesContextTestExecutionListener, org.springframework.test.context.transaction.TransactionalTestExecutionListener, org.springframework.test.context.jdbc.SqlScriptsTestExecutionListener, org.springframework.test.context.event.EventPublishingTestExecutionListener]
03:50:10.586 [main] INFO org.springframework.boot.test.context.SpringBootTestContextBootstrapper - Using TestExecutionListeners: [org.springframework.test.context.web.ServletTestExecutionListener@196a42c3, org.springframework.test.context.support.DirtiesContextBeforeModesTestExecutionListener@4c60d6e9, org.springframework.boot.test.mock.mockito.MockitoTestExecutionListener@15043a2f, org.springframework.boot.test.autoconfigure.SpringBootDependencyInjectionTestExecutionListener@4a83a74a, org.springframework.test.context.support.DirtiesContextTestExecutionListener@1349883, org.springframework.test.context.transaction.TransactionalTestExecutionListener@4b29d1d2, org.springframework.test.context.jdbc.SqlScriptsTestExecutionListener@7f485fda, org.springframework.test.context.event.EventPublishingTestExecutionListener@28261e8e, org.springframework.boot.test.mock.mockito.ResetMocksTestExecutionListener@d737b89, org.springframework.boot.test.autoconfigure.restdocs.RestDocsTestExecutionListener@8519cb4, org.springframework.boot.test.autoconfigure.web.client.MockRestServiceServerResetTestExecutionListener@35dab4eb, org.springframework.boot.test.autoconfigure.web.servlet.MockMvcPrintOnlyOnFailureTestExecutionListener@2d901eb0, org.springframework.boot.test.autoconfigure.web.servlet.WebDriverTestExecutionListener@3ba987b8]
03:50:10.592 [main] DEBUG org.springframework.test.context.support.AbstractDirtiesContextTestExecutionListener - Before test class: context [DefaultTestContext@6caf0677 testClass = MallCouponApplicationTests, testInstance = [null], testMethod = [null], testException = [null], mergedContextConfiguration = [WebMergedContextConfiguration@413d1baf testClass = MallCouponApplicationTests, locations = '{}', classes = '{class com.firenay.mall.coupon.MallCouponApplication}', contextInitializerClasses = '[]', activeProfiles = '{}', propertySourceLocations = '{}', propertySourceProperties = '{org.springframework.boot.test.context.SpringBootTestContextBootstrapper=true}', contextCustomizers = set[org.springframework.boot.test.context.filter.ExcludeFilterContextCustomizer@5876a9af, org.springframework.boot.test.json.DuplicateJsonObjectContextCustomizerFactory$DuplicateJsonObjectContextCustomizer@6572421, org.springframework.boot.test.mock.mockito.MockitoContextCustomizer@0, org.springframework.boot.test.web.client.TestRestTemplateContextCustomizer@223d2c72, org.springframework.boot.test.autoconfigure.properties.PropertyMappingContextCustomizer@0, org.springframework.boot.test.autoconfigure.web.servlet.WebDriverContextCustomizerFactory$Customizer@55183b20], resourceBasePath = 'src/main/webapp', contextLoader = 'org.springframework.boot.test.context.SpringBootContextLoader', parent = [null]], attributes = map['org.springframework.test.context.web.ServletTestExecutionListener.activateListener' -> true]], class annotated with @DirtiesContext [false] with mode [null].
03:50:10.738 [main] DEBUG org.springframework.test.context.support.TestPropertySourceUtils - Adding inlined properties to environment: {spring.jmx.enabled=false, org.springframework.boot.test.context.SpringBootTestContextBootstrapper=true, server.port=-1}

  .   ____          _            __ _ _
 /\\ / ___'_ __ _ _(_)_ __  __ _ \ \ \ \
( ( )\___ | '_ | '_| | '_ \/ _` | \ \ \ \
 \\/  ___)| |_)| | | | | || (_| |  ) ) ) )
  '  |____| .__|_| |_|_| |_\__, | / / / /
 =========|_|==============|___/=/_/_/_/
 :: Spring Boot ::        (v2.2.5.RELEASE)

2020-10-28 03:50:13.207  INFO [mall-coupon,,,] 19226 --- [           main] c.a.n.c.c.impl.LocalConfigInfoProcessor  : LOCAL_SNAPSHOT_PATH:/Users/rose/nacos/config
2020-10-28 03:50:13.337  INFO [mall-coupon,,,] 19226 --- [           main] c.a.nacos.client.config.impl.Limiter     : limitTime:5.0
2020-10-28 03:50:13.501  INFO [mall-coupon,,,] 19226 --- [           main] c.a.nacos.client.config.utils.JVMUtil    : isMultiInstance:false
2020-10-28 03:50:13.538  WARN [mall-coupon,,,] 19226 --- [           main] c.a.c.n.c.NacosPropertySourceBuilder     : Ignore the empty nacos configuration and get it based on dataId[mall-coupon] & group[dev]
2020-10-28 03:50:13.542  WARN [mall-coupon,,,] 19226 --- [           main] c.a.c.n.c.NacosPropertySourceBuilder     : Ignore the empty nacos configuration and get it based on dataId[mall-coupon.properties] & group[dev]
2020-10-28 03:50:13.543  INFO [mall-coupon,,,] 19226 --- [           main] b.c.PropertySourceBootstrapConfiguration : Located property source: [BootstrapPropertySource {name='bootstrapProperties-mall-coupon.properties,dev'}, BootstrapPropertySource {name='bootstrapProperties-mall-coupon,dev'}, BootstrapPropertySource {name='bootstrapProperties-others.yml,dev'}, BootstrapPropertySource {name='bootstrapProperties-mybatis.yml,dev'}, BootstrapPropertySource {name='bootstrapProperties-datasource.yml,dev'}]
2020-10-28 03:50:13.668  INFO [mall-coupon,,,] 19226 --- [           main] c.f.m.coupon.MallCouponApplicationTests  : No active profile set, falling back to default profiles: default
2020-10-28 03:50:15.040  WARN [mall-coupon,,,] 19226 --- [           main] o.s.boot.actuate.endpoint.EndpointId     : Endpoint ID 'nacos-config' contains invalid characters, please migrate to a valid format.
2020-10-28 03:50:15.045  WARN [mall-coupon,,,] 19226 --- [           main] o.s.boot.actuate.endpoint.EndpointId     : Endpoint ID 'nacos-discovery' contains invalid characters, please migrate to a valid format.
2020-10-28 03:50:16.026  WARN [mall-coupon,,,] 19226 --- [           main] o.s.boot.actuate.endpoint.EndpointId     : Endpoint ID 'service-registry' contains invalid characters, please migrate to a valid format.
2020-10-28 03:50:16.817  INFO [mall-coupon,,,] 19226 --- [           main] o.s.cloud.context.scope.GenericScope     : BeanFactory id=3803b7b1-9afb-34ac-b8c7-6a0015d34ef5
2020-10-28 03:50:18.162  INFO [mall-coupon,,,] 19226 --- [           main] trationDelegate$BeanPostProcessorChecker : Bean 'spring.cloud.sentinel-com.alibaba.cloud.sentinel.SentinelProperties' of type [com.alibaba.cloud.sentinel.SentinelProperties] is not eligible for getting processed by all BeanPostProcessors (for example: not eligible for auto-proxying)
2020-10-28 03:50:18.313  INFO [mall-coupon,,,] 19226 --- [           main] trationDelegate$BeanPostProcessorChecker : Bean 'com.alibaba.cloud.sentinel.custom.SentinelAutoConfiguration' of type [com.alibaba.cloud.sentinel.custom.SentinelAutoConfiguration$$EnhancerBySpringCGLIB$$4fe83489] is not eligible for getting processed by all BeanPostProcessors (for example: not eligible for auto-proxying)
 _ _   |_  _ _|_. ___ _ |    _ 
| | |\/|_)(_| | |_\  |_)||_|_\ 
     /               |         
                        3.3.2 
2020-10-28 03:50:21.583  WARN [mall-coupon,,,] 19226 --- [           main] c.n.c.sources.URLConfigurationSource     : No URLs will be polled as dynamic configuration sources.
2020-10-28 03:50:21.583  INFO [mall-coupon,,,] 19226 --- [           main] c.n.c.sources.URLConfigurationSource     : To enable URLs as dynamic configuration sources, define System property archaius.configurationSource.additionalUrls or make config.properties available on classpath.
2020-10-28 03:50:21.593  WARN [mall-coupon,,,] 19226 --- [           main] c.n.c.sources.URLConfigurationSource     : No URLs will be polled as dynamic configuration sources.
2020-10-28 03:50:21.593  INFO [mall-coupon,,,] 19226 --- [           main] c.n.c.sources.URLConfigurationSource     : To enable URLs as dynamic configuration sources, define System property archaius.configurationSource.additionalUrls or make config.properties available on classpath.
2020-10-28 03:50:22.441  INFO [mall-coupon,,,] 19226 --- [           main] o.s.s.concurrent.ThreadPoolTaskExecutor  : Initializing ExecutorService 'applicationTaskExecutor'
2020-10-28 03:50:23.327  INFO [mall-coupon,,,] 19226 --- [           main] o.s.s.c.ThreadPoolTaskScheduler          : Initializing ExecutorService 'Nacso-Watch-Task-Scheduler'
2020-10-28 03:50:23.375  INFO [mall-coupon,,,] 19226 --- [           main] com.alibaba.nacos.client.naming          : initializer namespace from System Property :null
2020-10-28 03:50:23.376  INFO [mall-coupon,,,] 19226 --- [           main] com.alibaba.nacos.client.naming          : initializer namespace from System Environment :null
2020-10-28 03:50:23.377  INFO [mall-coupon,,,] 19226 --- [           main] com.alibaba.nacos.client.naming          : initializer namespace from System Property :null
2020-10-28 03:50:23.551  INFO [mall-coupon,,,] 19226 --- [           main] c.a.c.s.SentinelWebAutoConfiguration     : [Sentinel Starter] register Sentinel CommonFilter with urlPatterns: [/*].
2020-10-28 03:50:24.834  WARN [mall-coupon,,,] 19226 --- [           main] o.s.c.s.zipkin2.ZipkinAutoConfiguration  : Check result of the [AsyncReporter{org.springframework.cloud.sleuth.zipkin2.sender.RestTemplateSender@1e6cb932}] contains an error [CheckResult{ok=false, error=java.lang.IllegalArgumentException: Illegal character in scheme name at index 0: 192.168.0.104:9411/api/v2/spans}]
2020-10-28 03:50:25.377  INFO [mall-coupon,,,] 19226 --- [           main] o.s.b.a.e.web.EndpointLinksResolver      : Exposing 20 endpoint(s) beneath base path '/actuator'
2020-10-28 03:50:25.500  WARN [mall-coupon,,,] 19226 --- [           main] o.s.w.c.s.GenericWebApplicationContext   : Exception encountered during context initialization - cancelling refresh attempt: org.springframework.beans.factory.BeanCreationException: Error creating bean with name 'scopedTarget.couponController': Injection of autowired dependencies failed; nested exception is java.lang.IllegalArgumentException: Could not resolve placeholder 'coupon.user.name' in value "${coupon.user.name}"
2020-10-28 03:50:25.832  WARN [mall-coupon,,,] 19226 --- [ender@1e6cb932}] z.r.AsyncReporter$BoundedAsyncReporter   : Spans were dropped due to exceptions. All subsequent errors will be logged at FINE level.
2020-10-28 03:50:25.838  WARN [mall-coupon,,,] 19226 --- [ender@1e6cb932}] z.r.AsyncReporter$BoundedAsyncReporter   : Dropped 0 spans due to IllegalArgumentException(Illegal character in scheme name at index 0: 192.168.0.104:9411/api/v2/spans)

java.lang.IllegalArgumentException: Illegal character in scheme name at index 0: 192.168.0.104:9411/api/v2/spans
	at java.net.URI.create(URI.java:852) ~[na:1.8.0_251]
	at org.springframework.cloud.sleuth.zipkin2.sender.RestTemplateSender.post(RestTemplateSender.java:128) ~[spring-cloud-sleuth-zipkin-2.2.2.RELEASE.jar:2.2.2.RELEASE]
	at org.springframework.cloud.sleuth.zipkin2.sender.RestTemplateSender$HttpPostCall.doExecute(RestTemplateSender.java:142) ~[spring-cloud-sleuth-zipkin-2.2.2.RELEASE.jar:2.2.2.RELEASE]
	at org.springframework.cloud.sleuth.zipkin2.sender.RestTemplateSender$HttpPostCall.doExecute(RestTemplateSender.java:132) ~[spring-cloud-sleuth-zipkin-2.2.2.RELEASE.jar:2.2.2.RELEASE]
	at zipkin2.Call$Base.execute(Call.java:380) ~[zipkin-2.19.3.jar:na]
	at zipkin2.reporter.AsyncReporter$BoundedAsyncReporter.flush(AsyncReporter.java:284) ~[zipkin-reporter-2.12.1.jar:na]
	at zipkin2.reporter.AsyncReporter$Flusher.run(AsyncReporter.java:358) [zipkin-reporter-2.12.1.jar:na]
	at java.lang.Thread.run(Thread.java:748) [na:1.8.0_251]
Caused by: java.net.URISyntaxException: Illegal character in scheme name at index 0: 192.168.0.104:9411/api/v2/spans
	at java.net.URI$Parser.fail(URI.java:2847) ~[na:1.8.0_251]
	at java.net.URI$Parser.checkChars(URI.java:3020) ~[na:1.8.0_251]
	at java.net.URI$Parser.checkChar(URI.java:3030) ~[na:1.8.0_251]
	at java.net.URI$Parser.parse(URI.java:3046) ~[na:1.8.0_251]
	at java.net.URI.<init>(URI.java:588) ~[na:1.8.0_251]
	at java.net.URI.create(URI.java:850) ~[na:1.8.0_251]
	... 7 common frames omitted

2020-10-28 03:50:25.839  WARN [mall-coupon,,,] 19226 --- [           main] o.s.b.f.support.DisposableBeanAdapter    : Invocation of destroy method failed on bean with name 'tomcatMetricsBinder': java.lang.NullPointerException
2020-10-28 03:50:25.840  INFO [mall-coupon,,,] 19226 --- [           main] o.s.s.concurrent.ThreadPoolTaskExecutor  : Shutting down ExecutorService 'applicationTaskExecutor'
2020-10-28 03:50:25.864  INFO [mall-coupon,,,] 19226 --- [           main] ConditionEvaluationReportLoggingListener : 

Error starting ApplicationContext. To display the conditions report re-run your application with 'debug' enabled.
2020-10-28 03:50:25.868 ERROR [mall-coupon,,,] 19226 --- [           main] o.s.boot.SpringApplication               : Application run failed

org.springframework.beans.factory.BeanCreationException: Error creating bean with name 'scopedTarget.couponController': Injection of autowired dependencies failed; nested exception is java.lang.IllegalArgumentException: Could not resolve placeholder 'coupon.user.name' in value "${coupon.user.name}"
	at org.springframework.beans.factory.annotation.AutowiredAnnotationBeanPostProcessor.postProcessProperties(AutowiredAnnotationBeanPostProcessor.java:405) ~[spring-beans-5.2.4.RELEASE.jar:5.2.4.RELEASE]
	at org.springframework.beans.factory.support.AbstractAutowireCapableBeanFactory.populateBean(AbstractAutowireCapableBeanFactory.java:1422) ~[spring-beans-5.2.4.RELEASE.jar:5.2.4.RELEASE]
	at org.springframework.beans.factory.support.AbstractAutowireCapableBeanFactory.doCreateBean(AbstractAutowireCapableBeanFactory.java:594) ~[spring-beans-5.2.4.RELEASE.jar:5.2.4.RELEASE]
	at org.springframework.beans.factory.support.AbstractAutowireCapableBeanFactory.createBean(AbstractAutowireCapableBeanFactory.java:517) ~[spring-beans-5.2.4.RELEASE.jar:5.2.4.RELEASE]
	at org.springframework.beans.factory.support.AbstractBeanFactory.lambda$doGetBean$1(AbstractBeanFactory.java:359) ~[spring-beans-5.2.4.RELEASE.jar:5.2.4.RELEASE]
	at org.springframework.cloud.context.scope.GenericScope$BeanLifecycleWrapper.getBean(GenericScope.java:389) ~[spring-cloud-context-2.2.2.RELEASE.jar:2.2.2.RELEASE]
	at org.springframework.cloud.context.scope.GenericScope.get(GenericScope.java:186) ~[spring-cloud-context-2.2.2.RELEASE.jar:2.2.2.RELEASE]
	at org.springframework.beans.factory.support.AbstractBeanFactory.doGetBean(AbstractBeanFactory.java:356) ~[spring-beans-5.2.4.RELEASE.jar:5.2.4.RELEASE]
	at org.springframework.beans.factory.support.AbstractBeanFactory.getBean(AbstractBeanFactory.java:202) ~[spring-beans-5.2.4.RELEASE.jar:5.2.4.RELEASE]
	at org.springframework.context.support.AbstractApplicationContext.getBean(AbstractApplicationContext.java:1108) ~[spring-context-5.2.4.RELEASE.jar:5.2.4.RELEASE]
	at org.springframework.cloud.context.scope.refresh.RefreshScope.eagerlyInitialize(RefreshScope.java:127) ~[spring-cloud-context-2.2.2.RELEASE.jar:2.2.2.RELEASE]
	at org.springframework.cloud.context.scope.refresh.RefreshScope.start(RefreshScope.java:118) ~[spring-cloud-context-2.2.2.RELEASE.jar:2.2.2.RELEASE]
	at org.springframework.cloud.context.scope.refresh.RefreshScope.onApplicationEvent(RefreshScope.java:112) ~[spring-cloud-context-2.2.2.RELEASE.jar:2.2.2.RELEASE]
	at org.springframework.cloud.context.scope.refresh.RefreshScope.onApplicationEvent(RefreshScope.java:66) ~[spring-cloud-context-2.2.2.RELEASE.jar:2.2.2.RELEASE]
	at org.springframework.context.event.SimpleApplicationEventMulticaster.doInvokeListener(SimpleApplicationEventMulticaster.java:172) ~[spring-context-5.2.4.RELEASE.jar:5.2.4.RELEASE]
	at org.springframework.context.event.SimpleApplicationEventMulticaster.invokeListener(SimpleApplicationEventMulticaster.java:165) ~[spring-context-5.2.4.RELEASE.jar:5.2.4.RELEASE]
	at org.springframework.context.event.SimpleApplicationEventMulticaster.multicastEvent(SimpleApplicationEventMulticaster.java:139) ~[spring-context-5.2.4.RELEASE.jar:5.2.4.RELEASE]
	at org.springframework.context.support.AbstractApplicationContext.publishEvent(AbstractApplicationContext.java:403) ~[spring-context-5.2.4.RELEASE.jar:5.2.4.RELEASE]
	at org.springframework.context.support.AbstractApplicationContext.publishEvent(AbstractApplicationContext.java:360) ~[spring-context-5.2.4.RELEASE.jar:5.2.4.RELEASE]
	at org.springframework.context.support.AbstractApplicationContext.finishRefresh(AbstractApplicationContext.java:897) ~[spring-context-5.2.4.RELEASE.jar:5.2.4.RELEASE]
	at org.springframework.context.support.AbstractApplicationContext.refresh(AbstractApplicationContext.java:553) ~[spring-context-5.2.4.RELEASE.jar:5.2.4.RELEASE]
	at org.springframework.boot.SpringApplication.refresh(SpringApplication.java:747) ~[spring-boot-2.2.5.RELEASE.jar:2.2.5.RELEASE]
	at org.springframework.boot.SpringApplication.refreshContext(SpringApplication.java:397) ~[spring-boot-2.2.5.RELEASE.jar:2.2.5.RELEASE]
	at org.springframework.boot.SpringApplication.run(SpringApplication.java:315) ~[spring-boot-2.2.5.RELEASE.jar:2.2.5.RELEASE]
	at org.springframework.boot.test.context.SpringBootContextLoader.loadContext(SpringBootContextLoader.java:126) [spring-boot-test-2.2.5.RELEASE.jar:2.2.5.RELEASE]
	at org.springframework.test.context.cache.DefaultCacheAwareContextLoaderDelegate.loadContextInternal(DefaultCacheAwareContextLoaderDelegate.java:99) [spring-test-5.2.4.RELEASE.jar:5.2.4.RELEASE]
	at org.springframework.test.context.cache.DefaultCacheAwareContextLoaderDelegate.loadContext(DefaultCacheAwareContextLoaderDelegate.java:124) [spring-test-5.2.4.RELEASE.jar:5.2.4.RELEASE]
	at org.springframework.test.context.support.DefaultTestContext.getApplicationContext(DefaultTestContext.java:123) [spring-test-5.2.4.RELEASE.jar:5.2.4.RELEASE]
	at org.springframework.test.context.web.ServletTestExecutionListener.setUpRequestContextIfNecessary(ServletTestExecutionListener.java:190) [spring-test-5.2.4.RELEASE.jar:5.2.4.RELEASE]
	at org.springframework.test.context.web.ServletTestExecutionListener.prepareTestInstance(ServletTestExecutionListener.java:132) [spring-test-5.2.4.RELEASE.jar:5.2.4.RELEASE]
	at org.springframework.test.context.TestContextManager.prepareTestInstance(TestContextManager.java:244) [spring-test-5.2.4.RELEASE.jar:5.2.4.RELEASE]
	at org.springframework.test.context.junit.jupiter.SpringExtension.postProcessTestInstance(SpringExtension.java:98) [spring-test-5.2.4.RELEASE.jar:5.2.4.RELEASE]
	at org.junit.jupiter.engine.descriptor.ClassBasedTestDescriptor.lambda$invokeTestInstancePostProcessors$5(ClassBasedTestDescriptor.java:337) [junit-jupiter-engine-5.5.2.jar:5.5.2]
	at org.junit.jupiter.engine.descriptor.ClassBasedTestDescriptor.executeAndMaskThrowable(ClassBasedTestDescriptor.java:342) [junit-jupiter-engine-5.5.2.jar:5.5.2]
	at org.junit.jupiter.engine.descriptor.ClassBasedTestDescriptor.lambda$invokeTestInstancePostProcessors$6(ClassBasedTestDescriptor.java:337) [junit-jupiter-engine-5.5.2.jar:5.5.2]
	at java.util.stream.ReferencePipeline$3$1.accept(ReferencePipeline.java:193) ~[na:1.8.0_251]
	at java.util.stream.ReferencePipeline$2$1.accept(ReferencePipeline.java:175) ~[na:1.8.0_251]
	at java.util.ArrayList$ArrayListSpliterator.forEachRemaining(ArrayList.java:1382) ~[na:1.8.0_251]
	at java.util.stream.AbstractPipeline.copyInto(AbstractPipeline.java:482) ~[na:1.8.0_251]
	at java.util.stream.AbstractPipeline.wrapAndCopyInto(AbstractPipeline.java:472) ~[na:1.8.0_251]
	at java.util.stream.StreamSpliterators$WrappingSpliterator.forEachRemaining(StreamSpliterators.java:312) ~[na:1.8.0_251]
	at java.util.stream.Streams$ConcatSpliterator.forEachRemaining(Streams.java:743) ~[na:1.8.0_251]
	at java.util.stream.Streams$ConcatSpliterator.forEachRemaining(Streams.java:742) ~[na:1.8.0_251]
	at java.util.stream.ReferencePipeline$Head.forEach(ReferencePipeline.java:580) ~[na:1.8.0_251]
	at org.junit.jupiter.engine.descriptor.ClassBasedTestDescriptor.invokeTestInstancePostProcessors(ClassBasedTestDescriptor.java:336) [junit-jupiter-engine-5.5.2.jar:5.5.2]
	at org.junit.jupiter.engine.descriptor.ClassBasedTestDescriptor.instantiateAndPostProcessTestInstance(ClassBasedTestDescriptor.java:259) [junit-jupiter-engine-5.5.2.jar:5.5.2]
	at org.junit.jupiter.engine.descriptor.ClassBasedTestDescriptor.lambda$testInstancesProvider$2(ClassBasedTestDescriptor.java:252) [junit-jupiter-engine-5.5.2.jar:5.5.2]
	at java.util.Optional.orElseGet(Optional.java:267) ~[na:1.8.0_251]
	at org.junit.jupiter.engine.descriptor.ClassBasedTestDescriptor.lambda$testInstancesProvider$3(ClassBasedTestDescriptor.java:251) [junit-jupiter-engine-5.5.2.jar:5.5.2]
	at org.junit.jupiter.engine.execution.TestInstancesProvider.getTestInstances(TestInstancesProvider.java:29) ~[junit-jupiter-engine-5.5.2.jar:5.5.2]
	at org.junit.jupiter.engine.descriptor.TestMethodTestDescriptor.lambda$prepare$0(TestMethodTestDescriptor.java:106) ~[junit-jupiter-engine-5.5.2.jar:5.5.2]
	at org.junit.platform.engine.support.hierarchical.ThrowableCollector.execute(ThrowableCollector.java:73) ~[junit-platform-engine-1.5.2.jar:1.5.2]
	at org.junit.jupiter.engine.descriptor.TestMethodTestDescriptor.prepare(TestMethodTestDescriptor.java:105) ~[junit-jupiter-engine-5.5.2.jar:5.5.2]
	at org.junit.jupiter.engine.descriptor.TestMethodTestDescriptor.prepare(TestMethodTestDescriptor.java:69) ~[junit-jupiter-engine-5.5.2.jar:5.5.2]
	at org.junit.platform.engine.support.hierarchical.NodeTestTask.lambda$prepare$1(NodeTestTask.java:107) ~[junit-platform-engine-1.5.2.jar:1.5.2]
	at org.junit.platform.engine.support.hierarchical.ThrowableCollector.execute(ThrowableCollector.java:73) ~[junit-platform-engine-1.5.2.jar:1.5.2]
	at org.junit.platform.engine.support.hierarchical.NodeTestTask.prepare(NodeTestTask.java:107) ~[junit-platform-engine-1.5.2.jar:1.5.2]
	at org.junit.platform.engine.support.hierarchical.NodeTestTask.execute(NodeTestTask.java:75) ~[junit-platform-engine-1.5.2.jar:1.5.2]
	at java.util.ArrayList.forEach(ArrayList.java:1257) ~[na:1.8.0_251]
	at org.junit.platform.engine.support.hierarchical.SameThreadHierarchicalTestExecutorService.invokeAll(SameThreadHierarchicalTestExecutorService.java:38) ~[junit-platform-engine-1.5.2.jar:1.5.2]
	at org.junit.platform.engine.support.hierarchical.NodeTestTask.lambda$executeRecursively$5(NodeTestTask.java:139) ~[junit-platform-engine-1.5.2.jar:1.5.2]
	at org.junit.platform.engine.support.hierarchical.ThrowableCollector.execute(ThrowableCollector.java:73) ~[junit-platform-engine-1.5.2.jar:1.5.2]
	at org.junit.platform.engine.support.hierarchical.NodeTestTask.lambda$executeRecursively$7(NodeTestTask.java:125) ~[junit-platform-engine-1.5.2.jar:1.5.2]
	at org.junit.platform.engine.support.hierarchical.Node.around(Node.java:135) ~[junit-platform-engine-1.5.2.jar:1.5.2]
	at org.junit.platform.engine.support.hierarchical.NodeTestTask.lambda$executeRecursively$8(NodeTestTask.java:123) ~[junit-platform-engine-1.5.2.jar:1.5.2]
	at org.junit.platform.engine.support.hierarchical.ThrowableCollector.execute(ThrowableCollector.java:73) ~[junit-platform-engine-1.5.2.jar:1.5.2]
	at org.junit.platform.engine.support.hierarchical.NodeTestTask.executeRecursively(NodeTestTask.java:122) ~[junit-platform-engine-1.5.2.jar:1.5.2]
	at org.junit.platform.engine.support.hierarchical.NodeTestTask.execute(NodeTestTask.java:80) ~[junit-platform-engine-1.5.2.jar:1.5.2]
	at java.util.ArrayList.forEach(ArrayList.java:1257) ~[na:1.8.0_251]
	at org.junit.platform.engine.support.hierarchical.SameThreadHierarchicalTestExecutorService.invokeAll(SameThreadHierarchicalTestExecutorService.java:38) ~[junit-platform-engine-1.5.2.jar:1.5.2]
	at org.junit.platform.engine.support.hierarchical.NodeTestTask.lambda$executeRecursively$5(NodeTestTask.java:139) ~[junit-platform-engine-1.5.2.jar:1.5.2]
	at org.junit.platform.engine.support.hierarchical.ThrowableCollector.execute(ThrowableCollector.java:73) ~[junit-platform-engine-1.5.2.jar:1.5.2]
	at org.junit.platform.engine.support.hierarchical.NodeTestTask.lambda$executeRecursively$7(NodeTestTask.java:125) ~[junit-platform-engine-1.5.2.jar:1.5.2]
	at org.junit.platform.engine.support.hierarchical.Node.around(Node.java:135) ~[junit-platform-engine-1.5.2.jar:1.5.2]
	at org.junit.platform.engine.support.hierarchical.NodeTestTask.lambda$executeRecursively$8(NodeTestTask.java:123) ~[junit-platform-engine-1.5.2.jar:1.5.2]
	at org.junit.platform.engine.support.hierarchical.ThrowableCollector.execute(ThrowableCollector.java:73) ~[junit-platform-engine-1.5.2.jar:1.5.2]
	at org.junit.platform.engine.support.hierarchical.NodeTestTask.executeRecursively(NodeTestTask.java:122) ~[junit-platform-engine-1.5.2.jar:1.5.2]
	at org.junit.platform.engine.support.hierarchical.NodeTestTask.execute(NodeTestTask.java:80) ~[junit-platform-engine-1.5.2.jar:1.5.2]
	at org.junit.platform.engine.support.hierarchical.SameThreadHierarchicalTestExecutorService.submit(SameThreadHierarchicalTestExecutorService.java:32) ~[junit-platform-engine-1.5.2.jar:1.5.2]
	at org.junit.platform.engine.support.hierarchical.HierarchicalTestExecutor.execute(HierarchicalTestExecutor.java:57) ~[junit-platform-engine-1.5.2.jar:1.5.2]
	at org.junit.platform.engine.support.hierarchical.HierarchicalTestEngine.execute(HierarchicalTestEngine.java:51) ~[junit-platform-engine-1.5.2.jar:1.5.2]
	at org.junit.platform.launcher.core.DefaultLauncher.execute(DefaultLauncher.java:220) ~[junit-platform-launcher-1.3.1.jar:1.3.1]
	at org.junit.platform.launcher.core.DefaultLauncher.lambda$execute$6(DefaultLauncher.java:188) ~[junit-platform-launcher-1.3.1.jar:1.3.1]
	at org.junit.platform.launcher.core.DefaultLauncher.withInterceptedStreams(DefaultLauncher.java:202) ~[junit-platform-launcher-1.3.1.jar:1.3.1]
	at org.junit.platform.launcher.core.DefaultLauncher.execute(DefaultLauncher.java:181) ~[junit-platform-launcher-1.3.1.jar:1.3.1]
	at org.junit.platform.launcher.core.DefaultLauncher.execute(DefaultLauncher.java:128) ~[junit-platform-launcher-1.3.1.jar:1.3.1]
	at org.apache.maven.surefire.junitplatform.JUnitPlatformProvider.invokeAllTests(JUnitPlatformProvider.java:150) ~[surefire-junit-platform-2.22.2.jar:2.22.2]
	at org.apache.maven.surefire.junitplatform.JUnitPlatformProvider.invoke(JUnitPlatformProvider.java:124) ~[surefire-junit-platform-2.22.2.jar:2.22.2]
	at org.apache.maven.surefire.booter.ForkedBooter.invokeProviderInSameClassLoader(ForkedBooter.java:384) ~[surefire-booter-2.22.2.jar:2.22.2]
	at org.apache.maven.surefire.booter.ForkedBooter.runSuitesInProcess(ForkedBooter.java:345) ~[surefire-booter-2.22.2.jar:2.22.2]
	at org.apache.maven.surefire.booter.ForkedBooter.execute(ForkedBooter.java:126) ~[surefire-booter-2.22.2.jar:2.22.2]
	at org.apache.maven.surefire.booter.ForkedBooter.main(ForkedBooter.java:418) ~[surefire-booter-2.22.2.jar:2.22.2]
Caused by: java.lang.IllegalArgumentException: Could not resolve placeholder 'coupon.user.name' in value "${coupon.user.name}"
	at org.springframework.util.PropertyPlaceholderHelper.parseStringValue(PropertyPlaceholderHelper.java:178) ~[spring-core-5.2.4.RELEASE.jar:5.2.4.RELEASE]
	at org.springframework.util.PropertyPlaceholderHelper.replacePlaceholders(PropertyPlaceholderHelper.java:124) ~[spring-core-5.2.4.RELEASE.jar:5.2.4.RELEASE]
	at org.springframework.core.env.AbstractPropertyResolver.doResolvePlaceholders(AbstractPropertyResolver.java:236) ~[spring-core-5.2.4.RELEASE.jar:5.2.4.RELEASE]
	at org.springframework.core.env.AbstractPropertyResolver.resolveRequiredPlaceholders(AbstractPropertyResolver.java:210) ~[spring-core-5.2.4.RELEASE.jar:5.2.4.RELEASE]
	at org.springframework.context.support.PropertySourcesPlaceholderConfigurer.lambda$processProperties$0(PropertySourcesPlaceholderConfigurer.java:175) ~[spring-context-5.2.4.RELEASE.jar:5.2.4.RELEASE]
	at org.springframework.beans.factory.support.AbstractBeanFactory.resolveEmbeddedValue(AbstractBeanFactory.java:909) ~[spring-beans-5.2.4.RELEASE.jar:5.2.4.RELEASE]
	at org.springframework.beans.factory.support.DefaultListableBeanFactory.doResolveDependency(DefaultListableBeanFactory.java:1228) ~[spring-beans-5.2.4.RELEASE.jar:5.2.4.RELEASE]
	at org.springframework.beans.factory.support.DefaultListableBeanFactory.resolveDependency(DefaultListableBeanFactory.java:1207) ~[spring-beans-5.2.4.RELEASE.jar:5.2.4.RELEASE]
	at org.springframework.beans.factory.annotation.AutowiredAnnotationBeanPostProcessor$AutowiredFieldElement.inject(AutowiredAnnotationBeanPostProcessor.java:640) ~[spring-beans-5.2.4.RELEASE.jar:5.2.4.RELEASE]
	at org.springframework.beans.factory.annotation.InjectionMetadata.inject(InjectionMetadata.java:130) ~[spring-beans-5.2.4.RELEASE.jar:5.2.4.RELEASE]
	at org.springframework.beans.factory.annotation.AutowiredAnnotationBeanPostProcessor.postProcessProperties(AutowiredAnnotationBeanPostProcessor.java:399) ~[spring-beans-5.2.4.RELEASE.jar:5.2.4.RELEASE]
	... 91 common frames omitted

2020-10-28 03:50:25.872 ERROR [mall-coupon,,,] 19226 --- [           main] o.s.test.context.TestContextManager      : Caught exception while allowing TestExecutionListener [org.springframework.test.context.web.ServletTestExecutionListener@196a42c3] to prepare test instance [com.firenay.mall.coupon.MallCouponApplicationTests@7ac1b6c0]

java.lang.IllegalStateException: Failed to load ApplicationContext
	at org.springframework.test.context.cache.DefaultCacheAwareContextLoaderDelegate.loadContext(DefaultCacheAwareContextLoaderDelegate.java:132) ~[spring-test-5.2.4.RELEASE.jar:5.2.4.RELEASE]
	at org.springframework.test.context.support.DefaultTestContext.getApplicationContext(DefaultTestContext.java:123) ~[spring-test-5.2.4.RELEASE.jar:5.2.4.RELEASE]
	at org.springframework.test.context.web.ServletTestExecutionListener.setUpRequestContextIfNecessary(ServletTestExecutionListener.java:190) ~[spring-test-5.2.4.RELEASE.jar:5.2.4.RELEASE]
	at org.springframework.test.context.web.ServletTestExecutionListener.prepareTestInstance(ServletTestExecutionListener.java:132) ~[spring-test-5.2.4.RELEASE.jar:5.2.4.RELEASE]
	at org.springframework.test.context.TestContextManager.prepareTestInstance(TestContextManager.java:244) ~[spring-test-5.2.4.RELEASE.jar:5.2.4.RELEASE]
	at org.springframework.test.context.junit.jupiter.SpringExtension.postProcessTestInstance(SpringExtension.java:98) [spring-test-5.2.4.RELEASE.jar:5.2.4.RELEASE]
	at org.junit.jupiter.engine.descriptor.ClassBasedTestDescriptor.lambda$invokeTestInstancePostProcessors$5(ClassBasedTestDescriptor.java:337) [junit-jupiter-engine-5.5.2.jar:5.5.2]
	at org.junit.jupiter.engine.descriptor.ClassBasedTestDescriptor.executeAndMaskThrowable(ClassBasedTestDescriptor.java:342) [junit-jupiter-engine-5.5.2.jar:5.5.2]
	at org.junit.jupiter.engine.descriptor.ClassBasedTestDescriptor.lambda$invokeTestInstancePostProcessors$6(ClassBasedTestDescriptor.java:337) [junit-jupiter-engine-5.5.2.jar:5.5.2]
	at java.util.stream.ReferencePipeline$3$1.accept(ReferencePipeline.java:193) ~[na:1.8.0_251]
	at java.util.stream.ReferencePipeline$2$1.accept(ReferencePipeline.java:175) ~[na:1.8.0_251]
	at java.util.ArrayList$ArrayListSpliterator.forEachRemaining(ArrayList.java:1382) ~[na:1.8.0_251]
	at java.util.stream.AbstractPipeline.copyInto(AbstractPipeline.java:482) ~[na:1.8.0_251]
	at java.util.stream.AbstractPipeline.wrapAndCopyInto(AbstractPipeline.java:472) ~[na:1.8.0_251]
	at java.util.stream.StreamSpliterators$WrappingSpliterator.forEachRemaining(StreamSpliterators.java:312) ~[na:1.8.0_251]
	at java.util.stream.Streams$ConcatSpliterator.forEachRemaining(Streams.java:743) ~[na:1.8.0_251]
	at java.util.stream.Streams$ConcatSpliterator.forEachRemaining(Streams.java:742) ~[na:1.8.0_251]
	at java.util.stream.ReferencePipeline$Head.forEach(ReferencePipeline.java:580) ~[na:1.8.0_251]
	at org.junit.jupiter.engine.descriptor.ClassBasedTestDescriptor.invokeTestInstancePostProcessors(ClassBasedTestDescriptor.java:336) [junit-jupiter-engine-5.5.2.jar:5.5.2]
	at org.junit.jupiter.engine.descriptor.ClassBasedTestDescriptor.instantiateAndPostProcessTestInstance(ClassBasedTestDescriptor.java:259) [junit-jupiter-engine-5.5.2.jar:5.5.2]
	at org.junit.jupiter.engine.descriptor.ClassBasedTestDescriptor.lambda$testInstancesProvider$2(ClassBasedTestDescriptor.java:252) [junit-jupiter-engine-5.5.2.jar:5.5.2]
	at java.util.Optional.orElseGet(Optional.java:267) ~[na:1.8.0_251]
	at org.junit.jupiter.engine.descriptor.ClassBasedTestDescriptor.lambda$testInstancesProvider$3(ClassBasedTestDescriptor.java:251) [junit-jupiter-engine-5.5.2.jar:5.5.2]
	at org.junit.jupiter.engine.execution.TestInstancesProvider.getTestInstances(TestInstancesProvider.java:29) ~[junit-jupiter-engine-5.5.2.jar:5.5.2]
	at org.junit.jupiter.engine.descriptor.TestMethodTestDescriptor.lambda$prepare$0(TestMethodTestDescriptor.java:106) ~[junit-jupiter-engine-5.5.2.jar:5.5.2]
	at org.junit.platform.engine.support.hierarchical.ThrowableCollector.execute(ThrowableCollector.java:73) ~[junit-platform-engine-1.5.2.jar:1.5.2]
	at org.junit.jupiter.engine.descriptor.TestMethodTestDescriptor.prepare(TestMethodTestDescriptor.java:105) ~[junit-jupiter-engine-5.5.2.jar:5.5.2]
	at org.junit.jupiter.engine.descriptor.TestMethodTestDescriptor.prepare(TestMethodTestDescriptor.java:69) ~[junit-jupiter-engine-5.5.2.jar:5.5.2]
	at org.junit.platform.engine.support.hierarchical.NodeTestTask.lambda$prepare$1(NodeTestTask.java:107) ~[junit-platform-engine-1.5.2.jar:1.5.2]
	at org.junit.platform.engine.support.hierarchical.ThrowableCollector.execute(ThrowableCollector.java:73) ~[junit-platform-engine-1.5.2.jar:1.5.2]
	at org.junit.platform.engine.support.hierarchical.NodeTestTask.prepare(NodeTestTask.java:107) ~[junit-platform-engine-1.5.2.jar:1.5.2]
	at org.junit.platform.engine.support.hierarchical.NodeTestTask.execute(NodeTestTask.java:75) ~[junit-platform-engine-1.5.2.jar:1.5.2]
	at java.util.ArrayList.forEach(ArrayList.java:1257) ~[na:1.8.0_251]
	at org.junit.platform.engine.support.hierarchical.SameThreadHierarchicalTestExecutorService.invokeAll(SameThreadHierarchicalTestExecutorService.java:38) ~[junit-platform-engine-1.5.2.jar:1.5.2]
	at org.junit.platform.engine.support.hierarchical.NodeTestTask.lambda$executeRecursively$5(NodeTestTask.java:139) ~[junit-platform-engine-1.5.2.jar:1.5.2]
	at org.junit.platform.engine.support.hierarchical.ThrowableCollector.execute(ThrowableCollector.java:73) ~[junit-platform-engine-1.5.2.jar:1.5.2]
	at org.junit.platform.engine.support.hierarchical.NodeTestTask.lambda$executeRecursively$7(NodeTestTask.java:125) ~[junit-platform-engine-1.5.2.jar:1.5.2]
	at org.junit.platform.engine.support.hierarchical.Node.around(Node.java:135) ~[junit-platform-engine-1.5.2.jar:1.5.2]
	at org.junit.platform.engine.support.hierarchical.NodeTestTask.lambda$executeRecursively$8(NodeTestTask.java:123) ~[junit-platform-engine-1.5.2.jar:1.5.2]
	at org.junit.platform.engine.support.hierarchical.ThrowableCollector.execute(ThrowableCollector.java:73) ~[junit-platform-engine-1.5.2.jar:1.5.2]
	at org.junit.platform.engine.support.hierarchical.NodeTestTask.executeRecursively(NodeTestTask.java:122) ~[junit-platform-engine-1.5.2.jar:1.5.2]
	at org.junit.platform.engine.support.hierarchical.NodeTestTask.execute(NodeTestTask.java:80) ~[junit-platform-engine-1.5.2.jar:1.5.2]
	at java.util.ArrayList.forEach(ArrayList.java:1257) ~[na:1.8.0_251]
	at org.junit.platform.engine.support.hierarchical.SameThreadHierarchicalTestExecutorService.invokeAll(SameThreadHierarchicalTestExecutorService.java:38) ~[junit-platform-engine-1.5.2.jar:1.5.2]
	at org.junit.platform.engine.support.hierarchical.NodeTestTask.lambda$executeRecursively$5(NodeTestTask.java:139) ~[junit-platform-engine-1.5.2.jar:1.5.2]
	at org.junit.platform.engine.support.hierarchical.ThrowableCollector.execute(ThrowableCollector.java:73) ~[junit-platform-engine-1.5.2.jar:1.5.2]
	at org.junit.platform.engine.support.hierarchical.NodeTestTask.lambda$executeRecursively$7(NodeTestTask.java:125) ~[junit-platform-engine-1.5.2.jar:1.5.2]
	at org.junit.platform.engine.support.hierarchical.Node.around(Node.java:135) ~[junit-platform-engine-1.5.2.jar:1.5.2]
	at org.junit.platform.engine.support.hierarchical.NodeTestTask.lambda$executeRecursively$8(NodeTestTask.java:123) ~[junit-platform-engine-1.5.2.jar:1.5.2]
	at org.junit.platform.engine.support.hierarchical.ThrowableCollector.execute(ThrowableCollector.java:73) ~[junit-platform-engine-1.5.2.jar:1.5.2]
	at org.junit.platform.engine.support.hierarchical.NodeTestTask.executeRecursively(NodeTestTask.java:122) ~[junit-platform-engine-1.5.2.jar:1.5.2]
	at org.junit.platform.engine.support.hierarchical.NodeTestTask.execute(NodeTestTask.java:80) ~[junit-platform-engine-1.5.2.jar:1.5.2]
	at org.junit.platform.engine.support.hierarchical.SameThreadHierarchicalTestExecutorService.submit(SameThreadHierarchicalTestExecutorService.java:32) ~[junit-platform-engine-1.5.2.jar:1.5.2]
	at org.junit.platform.engine.support.hierarchical.HierarchicalTestExecutor.execute(HierarchicalTestExecutor.java:57) ~[junit-platform-engine-1.5.2.jar:1.5.2]
	at org.junit.platform.engine.support.hierarchical.HierarchicalTestEngine.execute(HierarchicalTestEngine.java:51) ~[junit-platform-engine-1.5.2.jar:1.5.2]
	at org.junit.platform.launcher.core.DefaultLauncher.execute(DefaultLauncher.java:220) ~[junit-platform-launcher-1.3.1.jar:1.3.1]
	at org.junit.platform.launcher.core.DefaultLauncher.lambda$execute$6(DefaultLauncher.java:188) ~[junit-platform-launcher-1.3.1.jar:1.3.1]
	at org.junit.platform.launcher.core.DefaultLauncher.withInterceptedStreams(DefaultLauncher.java:202) ~[junit-platform-launcher-1.3.1.jar:1.3.1]
	at org.junit.platform.launcher.core.DefaultLauncher.execute(DefaultLauncher.java:181) ~[junit-platform-launcher-1.3.1.jar:1.3.1]
	at org.junit.platform.launcher.core.DefaultLauncher.execute(DefaultLauncher.java:128) ~[junit-platform-launcher-1.3.1.jar:1.3.1]
	at org.apache.maven.surefire.junitplatform.JUnitPlatformProvider.invokeAllTests(JUnitPlatformProvider.java:150) ~[surefire-junit-platform-2.22.2.jar:2.22.2]
	at org.apache.maven.surefire.junitplatform.JUnitPlatformProvider.invoke(JUnitPlatformProvider.java:124) ~[surefire-junit-platform-2.22.2.jar:2.22.2]
	at org.apache.maven.surefire.booter.ForkedBooter.invokeProviderInSameClassLoader(ForkedBooter.java:384) ~[surefire-booter-2.22.2.jar:2.22.2]
	at org.apache.maven.surefire.booter.ForkedBooter.runSuitesInProcess(ForkedBooter.java:345) ~[surefire-booter-2.22.2.jar:2.22.2]
	at org.apache.maven.surefire.booter.ForkedBooter.execute(ForkedBooter.java:126) ~[surefire-booter-2.22.2.jar:2.22.2]
	at org.apache.maven.surefire.booter.ForkedBooter.main(ForkedBooter.java:418) ~[surefire-booter-2.22.2.jar:2.22.2]
Caused by: org.springframework.beans.factory.BeanCreationException: Error creating bean with name 'scopedTarget.couponController': Injection of autowired dependencies failed; nested exception is java.lang.IllegalArgumentException: Could not resolve placeholder 'coupon.user.name' in value "${coupon.user.name}"
	at org.springframework.beans.factory.annotation.AutowiredAnnotationBeanPostProcessor.postProcessProperties(AutowiredAnnotationBeanPostProcessor.java:405) ~[spring-beans-5.2.4.RELEASE.jar:5.2.4.RELEASE]
	at org.springframework.beans.factory.support.AbstractAutowireCapableBeanFactory.populateBean(AbstractAutowireCapableBeanFactory.java:1422) ~[spring-beans-5.2.4.RELEASE.jar:5.2.4.RELEASE]
	at org.springframework.beans.factory.support.AbstractAutowireCapableBeanFactory.doCreateBean(AbstractAutowireCapableBeanFactory.java:594) ~[spring-beans-5.2.4.RELEASE.jar:5.2.4.RELEASE]
	at org.springframework.beans.factory.support.AbstractAutowireCapableBeanFactory.createBean(AbstractAutowireCapableBeanFactory.java:517) ~[spring-beans-5.2.4.RELEASE.jar:5.2.4.RELEASE]
	at org.springframework.beans.factory.support.AbstractBeanFactory.lambda$doGetBean$1(AbstractBeanFactory.java:359) ~[spring-beans-5.2.4.RELEASE.jar:5.2.4.RELEASE]
	at org.springframework.cloud.context.scope.GenericScope$BeanLifecycleWrapper.getBean(GenericScope.java:389) ~[spring-cloud-context-2.2.2.RELEASE.jar:2.2.2.RELEASE]
	at org.springframework.cloud.context.scope.GenericScope.get(GenericScope.java:186) ~[spring-cloud-context-2.2.2.RELEASE.jar:2.2.2.RELEASE]
	at org.springframework.beans.factory.support.AbstractBeanFactory.doGetBean(AbstractBeanFactory.java:356) ~[spring-beans-5.2.4.RELEASE.jar:5.2.4.RELEASE]
	at org.springframework.beans.factory.support.AbstractBeanFactory.getBean(AbstractBeanFactory.java:202) ~[spring-beans-5.2.4.RELEASE.jar:5.2.4.RELEASE]
	at org.springframework.context.support.AbstractApplicationContext.getBean(AbstractApplicationContext.java:1108) ~[spring-context-5.2.4.RELEASE.jar:5.2.4.RELEASE]
	at org.springframework.cloud.context.scope.refresh.RefreshScope.eagerlyInitialize(RefreshScope.java:127) ~[spring-cloud-context-2.2.2.RELEASE.jar:2.2.2.RELEASE]
	at org.springframework.cloud.context.scope.refresh.RefreshScope.start(RefreshScope.java:118) ~[spring-cloud-context-2.2.2.RELEASE.jar:2.2.2.RELEASE]
	at org.springframework.cloud.context.scope.refresh.RefreshScope.onApplicationEvent(RefreshScope.java:112) ~[spring-cloud-context-2.2.2.RELEASE.jar:2.2.2.RELEASE]
	at org.springframework.cloud.context.scope.refresh.RefreshScope.onApplicationEvent(RefreshScope.java:66) ~[spring-cloud-context-2.2.2.RELEASE.jar:2.2.2.RELEASE]
	at org.springframework.context.event.SimpleApplicationEventMulticaster.doInvokeListener(SimpleApplicationEventMulticaster.java:172) ~[spring-context-5.2.4.RELEASE.jar:5.2.4.RELEASE]
	at org.springframework.context.event.SimpleApplicationEventMulticaster.invokeListener(SimpleApplicationEventMulticaster.java:165) ~[spring-context-5.2.4.RELEASE.jar:5.2.4.RELEASE]
	at org.springframework.context.event.SimpleApplicationEventMulticaster.multicastEvent(SimpleApplicationEventMulticaster.java:139) ~[spring-context-5.2.4.RELEASE.jar:5.2.4.RELEASE]
	at org.springframework.context.support.AbstractApplicationContext.publishEvent(AbstractApplicationContext.java:403) ~[spring-context-5.2.4.RELEASE.jar:5.2.4.RELEASE]
	at org.springframework.context.support.AbstractApplicationContext.publishEvent(AbstractApplicationContext.java:360) ~[spring-context-5.2.4.RELEASE.jar:5.2.4.RELEASE]
	at org.springframework.context.support.AbstractApplicationContext.finishRefresh(AbstractApplicationContext.java:897) ~[spring-context-5.2.4.RELEASE.jar:5.2.4.RELEASE]
	at org.springframework.context.support.AbstractApplicationContext.refresh(AbstractApplicationContext.java:553) ~[spring-context-5.2.4.RELEASE.jar:5.2.4.RELEASE]
	at org.springframework.boot.SpringApplication.refresh(SpringApplication.java:747) ~[spring-boot-2.2.5.RELEASE.jar:2.2.5.RELEASE]
	at org.springframework.boot.SpringApplication.refreshContext(SpringApplication.java:397) ~[spring-boot-2.2.5.RELEASE.jar:2.2.5.RELEASE]
	at org.springframework.boot.SpringApplication.run(SpringApplication.java:315) ~[spring-boot-2.2.5.RELEASE.jar:2.2.5.RELEASE]
	at org.springframework.boot.test.context.SpringBootContextLoader.loadContext(SpringBootContextLoader.java:126) ~[spring-boot-test-2.2.5.RELEASE.jar:2.2.5.RELEASE]
	at org.springframework.test.context.cache.DefaultCacheAwareContextLoaderDelegate.loadContextInternal(DefaultCacheAwareContextLoaderDelegate.java:99) ~[spring-test-5.2.4.RELEASE.jar:5.2.4.RELEASE]
	at org.springframework.test.context.cache.DefaultCacheAwareContextLoaderDelegate.loadContext(DefaultCacheAwareContextLoaderDelegate.java:124) ~[spring-test-5.2.4.RELEASE.jar:5.2.4.RELEASE]
	... 65 common frames omitted
Caused by: java.lang.IllegalArgumentException: Could not resolve placeholder 'coupon.user.name' in value "${coupon.user.name}"
	at org.springframework.util.PropertyPlaceholderHelper.parseStringValue(PropertyPlaceholderHelper.java:178) ~[spring-core-5.2.4.RELEASE.jar:5.2.4.RELEASE]
	at org.springframework.util.PropertyPlaceholderHelper.replacePlaceholders(PropertyPlaceholderHelper.java:124) ~[spring-core-5.2.4.RELEASE.jar:5.2.4.RELEASE]
	at org.springframework.core.env.AbstractPropertyResolver.doResolvePlaceholders(AbstractPropertyResolver.java:236) ~[spring-core-5.2.4.RELEASE.jar:5.2.4.RELEASE]
	at org.springframework.core.env.AbstractPropertyResolver.resolveRequiredPlaceholders(AbstractPropertyResolver.java:210) ~[spring-core-5.2.4.RELEASE.jar:5.2.4.RELEASE]
	at org.springframework.context.support.PropertySourcesPlaceholderConfigurer.lambda$processProperties$0(PropertySourcesPlaceholderConfigurer.java:175) ~[spring-context-5.2.4.RELEASE.jar:5.2.4.RELEASE]
	at org.springframework.beans.factory.support.AbstractBeanFactory.resolveEmbeddedValue(AbstractBeanFactory.java:909) ~[spring-beans-5.2.4.RELEASE.jar:5.2.4.RELEASE]
	at org.springframework.beans.factory.support.DefaultListableBeanFactory.doResolveDependency(DefaultListableBeanFactory.java:1228) ~[spring-beans-5.2.4.RELEASE.jar:5.2.4.RELEASE]
	at org.springframework.beans.factory.support.DefaultListableBeanFactory.resolveDependency(DefaultListableBeanFactory.java:1207) ~[spring-beans-5.2.4.RELEASE.jar:5.2.4.RELEASE]
	at org.springframework.beans.factory.annotation.AutowiredAnnotationBeanPostProcessor$AutowiredFieldElement.inject(AutowiredAnnotationBeanPostProcessor.java:640) ~[spring-beans-5.2.4.RELEASE.jar:5.2.4.RELEASE]
	at org.springframework.beans.factory.annotation.InjectionMetadata.inject(InjectionMetadata.java:130) ~[spring-beans-5.2.4.RELEASE.jar:5.2.4.RELEASE]
	at org.springframework.beans.factory.annotation.AutowiredAnnotationBeanPostProcessor.postProcessProperties(AutowiredAnnotationBeanPostProcessor.java:399) ~[spring-beans-5.2.4.RELEASE.jar:5.2.4.RELEASE]
	... 91 common frames omitted

]]></system-out>
    <system-err><![CDATA[Loading class `com.mysql.jdbc.Driver'. This is deprecated. The new driver class is `com.mysql.cj.jdbc.Driver'. The driver is automatically registered via the SPI and manual loading of the driver class is generally unnecessary.
]]></system-err>
  </testcase>
</testsuite>